#
# There is insufficient memory for the Java Runtime Environment to continue.
# Native memory allocation (malloc) failed to allocate 701456 bytes for Chunk::new
# Possible reasons:
#   The system is out of physical RAM or swap space
#   The process is running with CompressedOops enabled, and the Java Heap may be blocking the growth of the native heap
# Possible solutions:
#   Reduce memory load on the system
#   Increase physical memory or swap space
#   Check if swap backing store is full
#   Decrease Java heap size (-Xmx/-Xms)
#   Decrease number of Java threads
#   Decrease Java thread stack sizes (-Xss)
#   Set larger code cache with -XX:ReservedCodeCacheSize=
#   JVM is running with Unscaled Compressed Oops mode in which the Java heap is
#     placed in the first 4GB address space. The Java Heap base address is the
#     maximum limit for the native heap growth. Please use -XX:HeapBaseMinAddress
#     to set the Java Heap base and to place the Java Heap above 4GB virtual address.
# This output file may be truncated or incomplete.
#
#  Out of Memory Error (arena.cpp:189), pid=10880, tid=5868
#
# JRE version: OpenJDK Runtime Environment (17.0.1+12) (build 17.0.1+12-39)
# Java VM: OpenJDK 64-Bit Server VM (17.0.1+12-39, mixed mode, sharing, tiered, compressed oops, compressed class ptrs, g1 gc, windows-amd64)
# No core dump will be written. Minidumps are not enabled by default on client versions of Windows
#

---------------  S U M M A R Y ------------

Command Line: -XX:MaxMetaspaceSize=256m -XX:+HeapDumpOnOutOfMemoryError -agentlib:jdwp=transport=dt_socket,server=n,suspend=y,address=127.0.0.1:51159 --add-opens=java.base/java.util=ALL-UNNAMED --add-opens=java.base/java.lang=ALL-UNNAMED --add-opens=java.base/java.lang.invoke=ALL-UNNAMED --add-opens=java.base/java.util=ALL-UNNAMED --add-opens=java.prefs/java.util.prefs=ALL-UNNAMED --add-opens=java.prefs/java.util.prefs=ALL-UNNAMED --add-opens=java.base/java.nio.charset=ALL-UNNAMED --add-opens=java.base/java.net=ALL-UNNAMED --add-opens=java.base/java.util.concurrent.atomic=ALL-UNNAMED -Xms256m -Xmx512m -Dfile.encoding=windows-1251 -Duser.country=RU -Duser.language=ru -Duser.variant org.gradle.launcher.daemon.bootstrap.GradleDaemon 7.5.1

Host: AMD Ryzen 5 4600H with Radeon Graphics         , 12 cores, 15G,  Windows 10 , 64 bit Build 19041 (10.0.19041.4957)
Time: Thu Nov 14 22:43:18 2024 RTZ 2 (s 10 , 64 bit Build 19041 (10.0.19041.4957) elapsed time: 6.650134 seconds (0d 0h 0m 6s)

---------------  T H R E A D  ---------------

Current thread (0x000002b5a0621c50):  JavaThread "C2 CompilerThread1" daemon [_thread_in_native, id=5868, stack(0x000000f491600000,0x000000f491700000)]


Current CompileTask:
C2:   6650 5534       4       org.objectweb.asm.MethodWriter::computeAllFrames (510 bytes)

Stack: [0x000000f491600000,0x000000f491700000]
Native frames: (J=compiled Java code, j=interpreted, Vv=VM code, C=native code)
V  [jvm.dll+0x66fa1a]
V  [jvm.dll+0x7ce5a4]
V  [jvm.dll+0x7cfd4e]
V  [jvm.dll+0x7d03b3]
V  [jvm.dll+0x242b05]
V  [jvm.dll+0xaa05b]
V  [jvm.dll+0xaa5ec]
V  [jvm.dll+0x35f9b2]
V  [jvm.dll+0x329f51]
V  [jvm.dll+0x3293fa]
V  [jvm.dll+0x215bf1]
V  [jvm.dll+0x215011]
V  [jvm.dll+0x1a168d]
V  [jvm.dll+0x224848]
V  [jvm.dll+0x2229ac]
V  [jvm.dll+0x78435b]
V  [jvm.dll+0x77e91a]
V  [jvm.dll+0x66e845]
C  [ucrtbase.dll+0x21bb2]
C  [KERNEL32.DLL+0x17374]
C  [ntdll.dll+0x4cc91]


---------------  P R O C E S S  ---------------

Threads class SMR info:
_java_thread_list=0x000002b59cf9be40, length=78, elements={
0x000002b5fdd76ad0, 0x000002b599272d40, 0x000002b599274970, 0x000002b59928c240,
0x000002b59928ef10, 0x000002b5992907e0, 0x000002b5992930b0, 0x000002b599294440,
0x000002b599c208e0, 0x000002b599c211e0, 0x000002b599d5d450, 0x000002b599d63720,
0x000002b599d66d00, 0x000002b599d671f0, 0x000002b599d67e00, 0x000002b59ba72eb0,
0x000002b59b8e0200, 0x000002b59b229620, 0x000002b59c0e7540, 0x000002b59c0e7a10,
0x000002b59bd293f0, 0x000002b59bd27710, 0x000002b59bd2ac00, 0x000002b59bd27be0,
0x000002b59bd280b0, 0x000002b59bd28a50, 0x000002b59bd28f20, 0x000002b59bd298c0,
0x000002b59bd2a260, 0x000002b59bd2a730, 0x000002b59bd2b0d0, 0x000002b59bfd8080,
0x000002b59bfd8550, 0x000002b59bfd6d40, 0x000002b59bfd8a20, 0x000002b59bfdba40,
0x000002b59bfdbf10, 0x000002b59bfd63a0, 0x000002b59bfd9d60, 0x000002b59bfda700,
0x000002b59bfda230, 0x000002b59bfdb0a0, 0x000002b59bfdc3e0, 0x000002b59bfdabd0,
0x000002b59bfdb570, 0x000002b59bfd5ed0, 0x000002b59bfd7bb0, 0x000002b59bfd7210,
0x000002b59ca34050, 0x000002b59ca34ec0, 0x000002b5a0621c50, 0x000002b59ca336b0,
0x000002b59ca34520, 0x000002b59ca349f0, 0x000002b59ca33b80, 0x000002b5a0c64560,
0x000002b5a0c64f00, 0x000002b5a0c64090, 0x000002b5a0c653d0, 0x000002b5a0c658a0,
0x000002b5a0c64a30, 0x000002b5a0612650, 0x000002b5a0bf14b0, 0x000002b5a0bf0fe0,
0x000002b5a0746140, 0x000002b5a0746610, 0x000002b5a0745c70, 0x000002b59cbd51c0,
0x000002b59cbd5b60, 0x000002b59cbd4cf0, 0x000002b59cbd4820, 0x000002b59cbd6030,
0x000002b59cbd5690, 0x000002b5a0c07850, 0x000002b5a0c081f0, 0x000002b5a0c06510,
0x000002b5a0c05b70, 0x000002b5a0c051d0
}

Java Threads: ( => current thread )
  0x000002b5fdd76ad0 JavaThread "main" [_thread_blocked, id=3444, stack(0x000000f48e900000,0x000000f48ea00000)]
  0x000002b599272d40 JavaThread "Reference Handler" daemon [_thread_blocked, id=4056, stack(0x000000f48f000000,0x000000f48f100000)]
  0x000002b599274970 JavaThread "Finalizer" daemon [_thread_blocked, id=10296, stack(0x000000f48f100000,0x000000f48f200000)]
  0x000002b59928c240 JavaThread "Signal Dispatcher" daemon [_thread_blocked, id=4088, stack(0x000000f48f200000,0x000000f48f300000)]
  0x000002b59928ef10 JavaThread "Attach Listener" daemon [_thread_blocked, id=11884, stack(0x000000f48f300000,0x000000f48f400000)]
  0x000002b5992907e0 JavaThread "Service Thread" daemon [_thread_blocked, id=15320, stack(0x000000f48f400000,0x000000f48f500000)]
  0x000002b5992930b0 JavaThread "Monitor Deflation Thread" daemon [_thread_blocked, id=7432, stack(0x000000f48f500000,0x000000f48f600000)]
  0x000002b599294440 JavaThread "C2 CompilerThread0" daemon [_thread_in_native, id=13336, stack(0x000000f48f600000,0x000000f48f700000)]
  0x000002b599c208e0 JavaThread "C1 CompilerThread0" daemon [_thread_blocked, id=9956, stack(0x000000f48f700000,0x000000f48f800000)]
  0x000002b599c211e0 JavaThread "Sweeper thread" daemon [_thread_blocked, id=12000, stack(0x000000f48f800000,0x000000f48f900000)]
  0x000002b599d5d450 JavaThread "Common-Cleaner" daemon [_thread_blocked, id=672, stack(0x000000f48f900000,0x000000f48fa00000)]
  0x000002b599d63720 JavaThread "JDWP Transport Listener: dt_socket" daemon [_thread_blocked, id=4016, stack(0x000000f48fa00000,0x000000f48fb00000)]
  0x000002b599d66d00 JavaThread "JDWP Event Helper Thread" daemon [_thread_blocked, id=9364, stack(0x000000f48fb00000,0x000000f48fc00000)]
  0x000002b599d671f0 JavaThread "JDWP Command Reader" daemon [_thread_in_native, id=3932, stack(0x000000f48fc00000,0x000000f48fd00000)]
  0x000002b599d67e00 JavaThread "Notification Thread" daemon [_thread_blocked, id=1264, stack(0x000000f48fd00000,0x000000f48fe00000)]
  0x000002b59ba72eb0 JavaThread "Daemon health stats" [_thread_blocked, id=3220, stack(0x000000f490a00000,0x000000f490b00000)]
  0x000002b59b8e0200 JavaThread "Incoming local TCP Connector on port 51177" [_thread_in_native, id=7704, stack(0x000000f490b00000,0x000000f490c00000)]
  0x000002b59b229620 JavaThread "Daemon periodic checks" [_thread_blocked, id=13188, stack(0x000000f490000000,0x000000f490100000)]
  0x000002b59c0e7540 JavaThread "Daemon" [_thread_blocked, id=10260, stack(0x000000f490c00000,0x000000f490d00000)]
  0x000002b59c0e7a10 JavaThread "Handler for socket connection from /127.0.0.1:51177 to /127.0.0.1:51178" [_thread_in_native, id=2672, stack(0x000000f490d00000,0x000000f490e00000)]
  0x000002b59bd293f0 JavaThread "Cancel handler" [_thread_blocked, id=8972, stack(0x000000f490e00000,0x000000f490f00000)]
  0x000002b59bd27710 JavaThread "Daemon worker" [_thread_in_Java, id=5740, stack(0x000000f490f00000,0x000000f491000000)]
  0x000002b59bd2ac00 JavaThread "Asynchronous log dispatcher for DefaultDaemonConnection: socket connection from /127.0.0.1:51177 to /127.0.0.1:51178" [_thread_blocked, id=2248, stack(0x000000f491000000,0x000000f491100000)]
  0x000002b59bd27be0 JavaThread "Stdin handler" [_thread_blocked, id=13632, stack(0x000000f491100000,0x000000f491200000)]
  0x000002b59bd280b0 JavaThread "Daemon client event forwarder" [_thread_blocked, id=6464, stack(0x000000f491200000,0x000000f491300000)]
  0x000002b59bd28a50 JavaThread "Cache worker for journal cache (C:\Users\nan\.gradle\caches\journal-1)" [_thread_blocked, id=2576, stack(0x000000f491300000,0x000000f491400000)]
  0x000002b59bd28f20 JavaThread "File lock request listener" [_thread_in_native, id=15060, stack(0x000000f491400000,0x000000f491500000)]
  0x000002b59bd298c0 JavaThread "Cache worker for file hash cache (C:\Users\nan\.gradle\caches\7.5.1\fileHashes)" [_thread_blocked, id=8404, stack(0x000000f491500000,0x000000f491600000)]
  0x000002b59bd2a260 JavaThread "File watcher server" daemon [_thread_in_native, id=5880, stack(0x000000f491700000,0x000000f491800000)]
  0x000002b59bd2a730 JavaThread "File watcher consumer" daemon [_thread_blocked, id=14544, stack(0x000000f491800000,0x000000f491900000)]
  0x000002b59bd2b0d0 JavaThread "Cache worker for checksums cache (C:\Users\nan\IdeaProjects\bankTransfer\.gradle\7.5.1\checksums)" [_thread_blocked, id=14988, stack(0x000000f491900000,0x000000f491a00000)]
  0x000002b59bfd8080 JavaThread "Cache worker for cache directory md-rule (C:\Users\nan\.gradle\caches\7.5.1\md-rule)" [_thread_blocked, id=7460, stack(0x000000f491a00000,0x000000f491b00000)]
  0x000002b59bfd8550 JavaThread "Cache worker for file content cache (C:\Users\nan\.gradle\caches\7.5.1\fileContent)" [_thread_blocked, id=11860, stack(0x000000f491b00000,0x000000f491c00000)]
  0x000002b59bfd6d40 JavaThread "Cache worker for file hash cache (C:\Users\nan\IdeaProjects\bankTransfer\.gradle\7.5.1\fileHashes)" [_thread_blocked, id=12612, stack(0x000000f491c00000,0x000000f491d00000)]
  0x000002b59bfd8a20 JavaThread "Cache worker for cache directory md-supplier (C:\Users\nan\.gradle\caches\7.5.1\md-supplier)" [_thread_blocked, id=14420, stack(0x000000f491d00000,0x000000f491e00000)]
  0x000002b59bfdba40 JavaThread "Cache worker for execution history cache (C:\Users\nan\.gradle\caches\7.5.1\executionHistory)" [_thread_blocked, id=6664, stack(0x000000f492000000,0x000000f492100000)]
  0x000002b59bfdbf10 JavaThread "jar transforms" [_thread_blocked, id=3388, stack(0x000000f492100000,0x000000f492200000)]
  0x000002b59bfd63a0 JavaThread "jar transforms Thread 2" [_thread_blocked, id=9076, stack(0x000000f492200000,0x000000f492300000)]
  0x000002b59bfd9d60 JavaThread "jar transforms Thread 3" [_thread_blocked, id=10600, stack(0x000000f492300000,0x000000f492400000)]
  0x000002b59bfda700 JavaThread "jar transforms Thread 4" [_thread_blocked, id=14812, stack(0x000000f492400000,0x000000f492500000)]
  0x000002b59bfda230 JavaThread "jar transforms Thread 5" [_thread_blocked, id=6396, stack(0x000000f492500000,0x000000f492600000)]
  0x000002b59bfdb0a0 JavaThread "jar transforms Thread 6" [_thread_blocked, id=2340, stack(0x000000f492600000,0x000000f492700000)]
  0x000002b59bfdc3e0 JavaThread "jar transforms Thread 7" [_thread_blocked, id=2640, stack(0x000000f492700000,0x000000f492800000)]
  0x000002b59bfdabd0 JavaThread "jar transforms Thread 8" [_thread_blocked, id=7788, stack(0x000000f492800000,0x000000f492900000)]
  0x000002b59bfdb570 JavaThread "jar transforms Thread 9" [_thread_blocked, id=4560, stack(0x000000f492900000,0x000000f492a00000)]
  0x000002b59bfd5ed0 JavaThread "jar transforms Thread 10" [_thread_blocked, id=7456, stack(0x000000f492a00000,0x000000f492b00000)]
  0x000002b59bfd7bb0 JavaThread "jar transforms Thread 11" [_thread_blocked, id=10032, stack(0x000000f492b00000,0x000000f492c00000)]
  0x000002b59bfd7210 JavaThread "Cache worker for dependencies-accessors (C:\Users\nan\IdeaProjects\bankTransfer\.gradle\7.5.1\dependencies-accessors)" [_thread_blocked, id=372, stack(0x000000f492c00000,0x000000f492d00000)]
  0x000002b59ca34050 JavaThread "jar transforms Thread 12" [_thread_blocked, id=2156, stack(0x000000f492d00000,0x000000f492e00000)]
  0x000002b59ca34ec0 JavaThread "Cache worker for Build Output Cleanup Cache (C:\Users\nan\IdeaProjects\bankTransfer\.gradle\buildOutputCleanup)" [_thread_blocked, id=9256, stack(0x000000f48ff00000,0x000000f490000000)]
=>0x000002b5a0621c50 JavaThread "C2 CompilerThread1" daemon [_thread_in_native, id=5868, stack(0x000000f491600000,0x000000f491700000)]
  0x000002b59ca336b0 JavaThread "Unconstrained build operations" [_thread_blocked, id=8160, stack(0x000000f492e00000,0x000000f492f00000)]
  0x000002b59ca34520 JavaThread "Unconstrained build operations Thread 2" [_thread_blocked, id=12212, stack(0x000000f492f00000,0x000000f493000000)]
  0x000002b59ca349f0 JavaThread "Unconstrained build operations Thread 3" [_thread_blocked, id=8408, stack(0x000000f493000000,0x000000f493100000)]
  0x000002b59ca33b80 JavaThread "Unconstrained build operations Thread 4" [_thread_blocked, id=8936, stack(0x000000f493100000,0x000000f493200000)]
  0x000002b5a0c64560 JavaThread "Unconstrained build operations Thread 5" [_thread_blocked, id=14660, stack(0x000000f493200000,0x000000f493300000)]
  0x000002b5a0c64f00 JavaThread "Unconstrained build operations Thread 6" [_thread_blocked, id=5048, stack(0x000000f493300000,0x000000f493400000)]
  0x000002b5a0c64090 JavaThread "Unconstrained build operations Thread 7" [_thread_blocked, id=4332, stack(0x000000f493400000,0x000000f493500000)]
  0x000002b5a0c653d0 JavaThread "Unconstrained build operations Thread 8" [_thread_blocked, id=13224, stack(0x000000f493500000,0x000000f493600000)]
  0x000002b5a0c658a0 JavaThread "Unconstrained build operations Thread 9" [_thread_blocked, id=15260, stack(0x000000f493600000,0x000000f493700000)]
  0x000002b5a0c64a30 JavaThread "Unconstrained build operations Thread 10" [_thread_blocked, id=2580, stack(0x000000f493700000,0x000000f493800000)]
  0x000002b5a0612650 JavaThread "Unconstrained build operations Thread 11" [_thread_blocked, id=6496, stack(0x000000f493800000,0x000000f493900000)]
  0x000002b5a0bf14b0 JavaThread "Unconstrained build operations Thread 12" [_thread_blocked, id=3012, stack(0x000000f493900000,0x000000f493a00000)]
  0x000002b5a0bf0fe0 JavaThread "Unconstrained build operations Thread 13" [_thread_blocked, id=4040, stack(0x000000f493a00000,0x000000f493b00000)]
  0x000002b5a0746140 JavaThread "Unconstrained build operations Thread 14" [_thread_blocked, id=6244, stack(0x000000f493b00000,0x000000f493c00000)]
  0x000002b5a0746610 JavaThread "Unconstrained build operations Thread 15" [_thread_blocked, id=1732, stack(0x000000f493c00000,0x000000f493d00000)]
  0x000002b5a0745c70 JavaThread "Unconstrained build operations Thread 16" [_thread_blocked, id=5292, stack(0x000000f493d00000,0x000000f493e00000)]
  0x000002b59cbd51c0 JavaThread "Unconstrained build operations Thread 17" [_thread_blocked, id=7772, stack(0x000000f493e00000,0x000000f493f00000)]
  0x000002b59cbd5b60 JavaThread "Unconstrained build operations Thread 18" [_thread_blocked, id=12508, stack(0x000000f493f00000,0x000000f494000000)]
  0x000002b59cbd4cf0 JavaThread "Unconstrained build operations Thread 19" [_thread_blocked, id=11304, stack(0x000000f494000000,0x000000f494100000)]
  0x000002b59cbd4820 JavaThread "Unconstrained build operations Thread 20" [_thread_blocked, id=13040, stack(0x000000f494100000,0x000000f494200000)]
  0x000002b59cbd6030 JavaThread "Unconstrained build operations Thread 21" [_thread_blocked, id=2536, stack(0x000000f494200000,0x000000f494300000)]
  0x000002b59cbd5690 JavaThread "Unconstrained build operations Thread 22" [_thread_blocked, id=13680, stack(0x000000f494300000,0x000000f494400000)]
  0x000002b5a0c07850 JavaThread "Unconstrained build operations Thread 23" [_thread_blocked, id=11864, stack(0x000000f494400000,0x000000f494500000)]
  0x000002b5a0c081f0 JavaThread "Unconstrained build operations Thread 24" [_thread_blocked, id=15072, stack(0x000000f494500000,0x000000f494600000)]
  0x000002b5a0c06510 JavaThread "Unconstrained build operations Thread 25" [_thread_blocked, id=2464, stack(0x000000f494600000,0x000000f494700000)]
  0x000002b5a0c05b70 JavaThread "Unconstrained build operations Thread 26" [_thread_blocked, id=3504, stack(0x000000f494700000,0x000000f494800000)]
  0x000002b5a0c051d0 JavaThread "Memory manager" [_thread_blocked, id=10172, stack(0x000000f494800000,0x000000f494900000)]

Other Threads:
  0x000002b59926ba90 VMThread "VM Thread" [stack: 0x000000f48ef00000,0x000000f48f000000] [id=11896]
  0x000002b5fddf34e0 WatcherThread [stack: 0x000000f48fe00000,0x000000f48ff00000] [id=484]
  0x000002b5fdd9b320 GCTaskThread "GC Thread#0" [stack: 0x000000f48ea00000,0x000000f48eb00000] [id=14728]
  0x000002b59b1ca680 GCTaskThread "GC Thread#1" [stack: 0x000000f490100000,0x000000f490200000] [id=4780]
  0x000002b59a8fe6d0 GCTaskThread "GC Thread#2" [stack: 0x000000f490200000,0x000000f490300000] [id=5196]
  0x000002b59af13850 GCTaskThread "GC Thread#3" [stack: 0x000000f490300000,0x000000f490400000] [id=7480]
  0x000002b59af13b00 GCTaskThread "GC Thread#4" [stack: 0x000000f490400000,0x000000f490500000] [id=8056]
  0x000002b59a9255e0 GCTaskThread "GC Thread#5" [stack: 0x000000f490500000,0x000000f490600000] [id=7440]
  0x000002b59b5c1d30 GCTaskThread "GC Thread#6" [stack: 0x000000f490600000,0x000000f490700000] [id=14948]
  0x000002b59b5c1fe0 GCTaskThread "GC Thread#7" [stack: 0x000000f490700000,0x000000f490800000] [id=6932]
  0x000002b59b211820 GCTaskThread "GC Thread#8" [stack: 0x000000f490800000,0x000000f490900000] [id=896]
  0x000002b59a2fe8a0 GCTaskThread "GC Thread#9" [stack: 0x000000f490900000,0x000000f490a00000] [id=13008]
  0x000002b5fdda1180 ConcurrentGCThread "G1 Main Marker" [stack: 0x000000f48eb00000,0x000000f48ec00000] [id=6928]
  0x000002b5fdda2ab0 ConcurrentGCThread "G1 Conc#0" [stack: 0x000000f48ec00000,0x000000f48ed00000] [id=13920]
  0x000002b5a04de3d0 ConcurrentGCThread "G1 Conc#1" [stack: 0x000000f491e00000,0x000000f491f00000] [id=5376]
  0x000002b5a04de680 ConcurrentGCThread "G1 Conc#2" [stack: 0x000000f491f00000,0x000000f492000000] [id=11168]
  0x000002b5fde2d440 ConcurrentGCThread "G1 Refine#0" [stack: 0x000000f48ed00000,0x000000f48ee00000] [id=5872]
  0x000002b5fde2dd70 ConcurrentGCThread "G1 Service" [stack: 0x000000f48ee00000,0x000000f48ef00000] [id=1996]

Threads with active compile tasks:
C2 CompilerThread0     6679 5543       4       java.lang.Class::getMethodsRecursive (99 bytes)
C2 CompilerThread1     6679 5534       4       org.objectweb.asm.MethodWriter::computeAllFrames (510 bytes)

VM state: not at safepoint (normal execution)

VM Mutex/Monitor currently owned by a thread: None

Heap address: 0x00000000e0000000, size: 512 MB, Compressed Oops mode: 32-bit

CDS archive(s) mapped at: [0x0000000800000000-0x0000000800bc0000-0x0000000800bc0000), size 12320768, SharedBaseAddress: 0x0000000800000000, ArchiveRelocationMode: 0.
Compressed class space mapped at: 0x0000000800c00000-0x000000080dc00000, reserved size: 218103808
Narrow klass base: 0x0000000800000000, Narrow klass shift: 0, Narrow klass range: 0x100000000

GC Precious Log:
 CPUs: 12 total, 12 available
 Memory: 15741M
 Large Page Support: Disabled
 NUMA Support: Disabled
 Compressed Oops: Enabled (32-bit)
 Heap Region Size: 1M
 Heap Min Capacity: 256M
 Heap Initial Capacity: 256M
 Heap Max Capacity: 512M
 Pre-touch: Disabled
 Parallel Workers: 10
 Concurrent Workers: 3
 Concurrent Refinement Workers: 10
 Periodic GC: Disabled

Heap:
 garbage-first heap   total 262144K, used 182500K [0x00000000e0000000, 0x0000000100000000)
  region size 1024K, 145 young (148480K), 1 survivors (1024K)
 Metaspace       used 49775K, committed 50368K, reserved 262144K
  class space    used 6937K, committed 7232K, reserved 212992K

Heap Regions: E=young(eden), S=young(survivor), O=old, HS=humongous(starts), HC=humongous(continues), CS=collection set, F=free, OA=open archive, CA=closed archive, TAMS=top-at-mark-start (previous, next)
|   0|0x00000000e0000000, 0x00000000e0100000, 0x00000000e0100000|100%| O|  |TAMS 0x00000000e0100000, 0x00000000e0000000| Untracked 
|   1|0x00000000e0100000, 0x00000000e0200000, 0x00000000e0200000|100%|HS|  |TAMS 0x00000000e0100000, 0x00000000e0100000| Complete 
|   2|0x00000000e0200000, 0x00000000e0300000, 0x00000000e0300000|100%| O|  |TAMS 0x00000000e0300000, 0x00000000e0200000| Untracked 
|   3|0x00000000e0300000, 0x00000000e0400000, 0x00000000e0400000|100%|HS|  |TAMS 0x00000000e0400000, 0x00000000e0300000| Complete 
|   4|0x00000000e0400000, 0x00000000e0500000, 0x00000000e0500000|100%|HC|  |TAMS 0x00000000e0500000, 0x00000000e0400000| Complete 
|   5|0x00000000e0500000, 0x00000000e0600000, 0x00000000e0600000|100%|HC|  |TAMS 0x00000000e0600000, 0x00000000e0500000| Complete 
|   6|0x00000000e0600000, 0x00000000e0700000, 0x00000000e0700000|100%| O|  |TAMS 0x00000000e0700000, 0x00000000e0600000| Untracked 
|   7|0x00000000e0700000, 0x00000000e0800000, 0x00000000e0800000|100%| O|  |TAMS 0x00000000e0800000, 0x00000000e0700000| Untracked 
|   8|0x00000000e0800000, 0x00000000e0900000, 0x00000000e0900000|100%| O|  |TAMS 0x00000000e0900000, 0x00000000e0800000| Untracked 
|   9|0x00000000e0900000, 0x00000000e0a00000, 0x00000000e0a00000|100%| O|  |TAMS 0x00000000e0a00000, 0x00000000e0900000| Untracked 
|  10|0x00000000e0a00000, 0x00000000e0b00000, 0x00000000e0b00000|100%| O|  |TAMS 0x00000000e0b00000, 0x00000000e0a00000| Untracked 
|  11|0x00000000e0b00000, 0x00000000e0c00000, 0x00000000e0c00000|100%| O|  |TAMS 0x00000000e0c00000, 0x00000000e0b00000| Untracked 
|  12|0x00000000e0c00000, 0x00000000e0d00000, 0x00000000e0d00000|100%| O|  |TAMS 0x00000000e0d00000, 0x00000000e0c00000| Untracked 
|  13|0x00000000e0d00000, 0x00000000e0e00000, 0x00000000e0e00000|100%| O|  |TAMS 0x00000000e0e00000, 0x00000000e0d00000| Untracked 
|  14|0x00000000e0e00000, 0x00000000e0f00000, 0x00000000e0f00000|100%| O|  |TAMS 0x00000000e0f00000, 0x00000000e0e00000| Untracked 
|  15|0x00000000e0f00000, 0x00000000e1000000, 0x00000000e1000000|100%| O|  |TAMS 0x00000000e1000000, 0x00000000e0f00000| Untracked 
|  16|0x00000000e1000000, 0x00000000e1100000, 0x00000000e1100000|100%| O|  |TAMS 0x00000000e1100000, 0x00000000e1000000| Untracked 
|  17|0x00000000e1100000, 0x00000000e1200000, 0x00000000e1200000|100%| O|  |TAMS 0x00000000e1200000, 0x00000000e1100000| Untracked 
|  18|0x00000000e1200000, 0x00000000e1300000, 0x00000000e1300000|100%| O|  |TAMS 0x00000000e1300000, 0x00000000e1200000| Untracked 
|  19|0x00000000e1300000, 0x00000000e1400000, 0x00000000e1400000|100%| O|  |TAMS 0x00000000e1400000, 0x00000000e1300000| Untracked 
|  20|0x00000000e1400000, 0x00000000e1500000, 0x00000000e1500000|100%| O|  |TAMS 0x00000000e1500000, 0x00000000e1400000| Untracked 
|  21|0x00000000e1500000, 0x00000000e1600000, 0x00000000e1600000|100%| O|  |TAMS 0x00000000e1600000, 0x00000000e1500000| Untracked 
|  22|0x00000000e1600000, 0x00000000e1700000, 0x00000000e1700000|100%| O|  |TAMS 0x00000000e1700000, 0x00000000e1600000| Untracked 
|  23|0x00000000e1700000, 0x00000000e1800000, 0x00000000e1800000|100%| O|  |TAMS 0x00000000e1800000, 0x00000000e1700000| Untracked 
|  24|0x00000000e1800000, 0x00000000e1900000, 0x00000000e1900000|100%| O|  |TAMS 0x00000000e1900000, 0x00000000e1800000| Untracked 
|  25|0x00000000e1900000, 0x00000000e1a00000, 0x00000000e1a00000|100%| O|  |TAMS 0x00000000e1a00000, 0x00000000e1900000| Untracked 
|  26|0x00000000e1a00000, 0x00000000e1b00000, 0x00000000e1b00000|100%| O|  |TAMS 0x00000000e1b00000, 0x00000000e1a00000| Untracked 
|  27|0x00000000e1b00000, 0x00000000e1c00000, 0x00000000e1c00000|100%| O|  |TAMS 0x00000000e1c00000, 0x00000000e1b00000| Untracked 
|  28|0x00000000e1c00000, 0x00000000e1d00000, 0x00000000e1d00000|100%| O|  |TAMS 0x00000000e1d00000, 0x00000000e1c00000| Untracked 
|  29|0x00000000e1d00000, 0x00000000e1d85600, 0x00000000e1e00000| 52%| O|  |TAMS 0x00000000e1d85600, 0x00000000e1d00000| Untracked 
|  30|0x00000000e1e00000, 0x00000000e1f00000, 0x00000000e1f00000|100%|HS|  |TAMS 0x00000000e1e00000, 0x00000000e1e00000| Complete 
|  31|0x00000000e1f00000, 0x00000000e2000000, 0x00000000e2000000|100%|HC|  |TAMS 0x00000000e1f00000, 0x00000000e1f00000| Complete 
|  32|0x00000000e2000000, 0x00000000e2100000, 0x00000000e2100000|100%|HS|  |TAMS 0x00000000e2000000, 0x00000000e2000000| Complete 
|  33|0x00000000e2100000, 0x00000000e2200000, 0x00000000e2200000|100%|HC|  |TAMS 0x00000000e2100000, 0x00000000e2100000| Complete 
|  34|0x00000000e2200000, 0x00000000e2300000, 0x00000000e2300000|100%|HC|  |TAMS 0x00000000e2200000, 0x00000000e2200000| Complete 
|  35|0x00000000e2300000, 0x00000000e2400000, 0x00000000e2400000|100%|HC|  |TAMS 0x00000000e2300000, 0x00000000e2300000| Complete 
|  36|0x00000000e2400000, 0x00000000e2400000, 0x00000000e2500000|  0%| F|  |TAMS 0x00000000e2400000, 0x00000000e2400000| Untracked 
|  37|0x00000000e2500000, 0x00000000e2500000, 0x00000000e2600000|  0%| F|  |TAMS 0x00000000e2500000, 0x00000000e2500000| Untracked 
|  38|0x00000000e2600000, 0x00000000e2600000, 0x00000000e2700000|  0%| F|  |TAMS 0x00000000e2600000, 0x00000000e2600000| Untracked 
|  39|0x00000000e2700000, 0x00000000e2700000, 0x00000000e2800000|  0%| F|  |TAMS 0x00000000e2700000, 0x00000000e2700000| Untracked 
|  40|0x00000000e2800000, 0x00000000e2800000, 0x00000000e2900000|  0%| F|  |TAMS 0x00000000e2800000, 0x00000000e2800000| Untracked 
|  41|0x00000000e2900000, 0x00000000e2900000, 0x00000000e2a00000|  0%| F|  |TAMS 0x00000000e2900000, 0x00000000e2900000| Untracked 
|  42|0x00000000e2a00000, 0x00000000e2a00000, 0x00000000e2b00000|  0%| F|  |TAMS 0x00000000e2a00000, 0x00000000e2a00000| Untracked 
|  43|0x00000000e2b00000, 0x00000000e2b00000, 0x00000000e2c00000|  0%| F|  |TAMS 0x00000000e2b00000, 0x00000000e2b00000| Untracked 
|  44|0x00000000e2c00000, 0x00000000e2c00000, 0x00000000e2d00000|  0%| F|  |TAMS 0x00000000e2c00000, 0x00000000e2c00000| Untracked 
|  45|0x00000000e2d00000, 0x00000000e2d00000, 0x00000000e2e00000|  0%| F|  |TAMS 0x00000000e2d00000, 0x00000000e2d00000| Untracked 
|  46|0x00000000e2e00000, 0x00000000e2e00000, 0x00000000e2f00000|  0%| F|  |TAMS 0x00000000e2e00000, 0x00000000e2e00000| Untracked 
|  47|0x00000000e2f00000, 0x00000000e2f00000, 0x00000000e3000000|  0%| F|  |TAMS 0x00000000e2f00000, 0x00000000e2f00000| Untracked 
|  48|0x00000000e3000000, 0x00000000e3000000, 0x00000000e3100000|  0%| F|  |TAMS 0x00000000e3000000, 0x00000000e3000000| Untracked 
|  49|0x00000000e3100000, 0x00000000e3100000, 0x00000000e3200000|  0%| F|  |TAMS 0x00000000e3100000, 0x00000000e3100000| Untracked 
|  50|0x00000000e3200000, 0x00000000e3200000, 0x00000000e3300000|  0%| F|  |TAMS 0x00000000e3200000, 0x00000000e3200000| Untracked 
|  51|0x00000000e3300000, 0x00000000e3300000, 0x00000000e3400000|  0%| F|  |TAMS 0x00000000e3300000, 0x00000000e3300000| Untracked 
|  52|0x00000000e3400000, 0x00000000e3400000, 0x00000000e3500000|  0%| F|  |TAMS 0x00000000e3400000, 0x00000000e3400000| Untracked 
|  53|0x00000000e3500000, 0x00000000e3500000, 0x00000000e3600000|  0%| F|  |TAMS 0x00000000e3500000, 0x00000000e3500000| Untracked 
|  54|0x00000000e3600000, 0x00000000e3600000, 0x00000000e3700000|  0%| F|  |TAMS 0x00000000e3600000, 0x00000000e3600000| Untracked 
|  55|0x00000000e3700000, 0x00000000e3700000, 0x00000000e3800000|  0%| F|  |TAMS 0x00000000e3700000, 0x00000000e3700000| Untracked 
|  56|0x00000000e3800000, 0x00000000e3800000, 0x00000000e3900000|  0%| F|  |TAMS 0x00000000e3800000, 0x00000000e3800000| Untracked 
|  57|0x00000000e3900000, 0x00000000e3900000, 0x00000000e3a00000|  0%| F|  |TAMS 0x00000000e3900000, 0x00000000e3900000| Untracked 
|  58|0x00000000e3a00000, 0x00000000e3a00000, 0x00000000e3b00000|  0%| F|  |TAMS 0x00000000e3a00000, 0x00000000e3a00000| Untracked 
|  59|0x00000000e3b00000, 0x00000000e3b00000, 0x00000000e3c00000|  0%| F|  |TAMS 0x00000000e3b00000, 0x00000000e3b00000| Untracked 
|  60|0x00000000e3c00000, 0x00000000e3c00000, 0x00000000e3d00000|  0%| F|  |TAMS 0x00000000e3c00000, 0x00000000e3c00000| Untracked 
|  61|0x00000000e3d00000, 0x00000000e3d00000, 0x00000000e3e00000|  0%| F|  |TAMS 0x00000000e3d00000, 0x00000000e3d00000| Untracked 
|  62|0x00000000e3e00000, 0x00000000e3e00000, 0x00000000e3f00000|  0%| F|  |TAMS 0x00000000e3e00000, 0x00000000e3e00000| Untracked 
|  63|0x00000000e3f00000, 0x00000000e3f00000, 0x00000000e4000000|  0%| F|  |TAMS 0x00000000e3f00000, 0x00000000e3f00000| Untracked 
|  64|0x00000000e4000000, 0x00000000e4000000, 0x00000000e4100000|  0%| F|  |TAMS 0x00000000e4000000, 0x00000000e4000000| Untracked 
|  65|0x00000000e4100000, 0x00000000e4100000, 0x00000000e4200000|  0%| F|  |TAMS 0x00000000e4100000, 0x00000000e4100000| Untracked 
|  66|0x00000000e4200000, 0x00000000e4200000, 0x00000000e4300000|  0%| F|  |TAMS 0x00000000e4200000, 0x00000000e4200000| Untracked 
|  67|0x00000000e4300000, 0x00000000e4300000, 0x00000000e4400000|  0%| F|  |TAMS 0x00000000e4300000, 0x00000000e4300000| Untracked 
|  68|0x00000000e4400000, 0x00000000e4400000, 0x00000000e4500000|  0%| F|  |TAMS 0x00000000e4400000, 0x00000000e4400000| Untracked 
|  69|0x00000000e4500000, 0x00000000e4500000, 0x00000000e4600000|  0%| F|  |TAMS 0x00000000e4500000, 0x00000000e4500000| Untracked 
|  70|0x00000000e4600000, 0x00000000e4600000, 0x00000000e4700000|  0%| F|  |TAMS 0x00000000e4600000, 0x00000000e4600000| Untracked 
|  71|0x00000000e4700000, 0x00000000e4700000, 0x00000000e4800000|  0%| F|  |TAMS 0x00000000e4700000, 0x00000000e4700000| Untracked 
|  72|0x00000000e4800000, 0x00000000e4800000, 0x00000000e4900000|  0%| F|  |TAMS 0x00000000e4800000, 0x00000000e4800000| Untracked 
|  73|0x00000000e4900000, 0x00000000e4900000, 0x00000000e4a00000|  0%| F|  |TAMS 0x00000000e4900000, 0x00000000e4900000| Untracked 
|  74|0x00000000e4a00000, 0x00000000e4a00000, 0x00000000e4b00000|  0%| F|  |TAMS 0x00000000e4a00000, 0x00000000e4a00000| Untracked 
|  75|0x00000000e4b00000, 0x00000000e4b00000, 0x00000000e4c00000|  0%| F|  |TAMS 0x00000000e4b00000, 0x00000000e4b00000| Untracked 
|  76|0x00000000e4c00000, 0x00000000e4c00000, 0x00000000e4d00000|  0%| F|  |TAMS 0x00000000e4c00000, 0x00000000e4c00000| Untracked 
|  77|0x00000000e4d00000, 0x00000000e4d00000, 0x00000000e4e00000|  0%| F|  |TAMS 0x00000000e4d00000, 0x00000000e4d00000| Untracked 
|  78|0x00000000e4e00000, 0x00000000e4e00000, 0x00000000e4f00000|  0%| F|  |TAMS 0x00000000e4e00000, 0x00000000e4e00000| Untracked 
|  79|0x00000000e4f00000, 0x00000000e4f00000, 0x00000000e5000000|  0%| F|  |TAMS 0x00000000e4f00000, 0x00000000e4f00000| Untracked 
|  80|0x00000000e5000000, 0x00000000e5000000, 0x00000000e5100000|  0%| F|  |TAMS 0x00000000e5000000, 0x00000000e5000000| Untracked 
|  81|0x00000000e5100000, 0x00000000e5100000, 0x00000000e5200000|  0%| F|  |TAMS 0x00000000e5100000, 0x00000000e5100000| Untracked 
|  82|0x00000000e5200000, 0x00000000e5200000, 0x00000000e5300000|  0%| F|  |TAMS 0x00000000e5200000, 0x00000000e5200000| Untracked 
|  83|0x00000000e5300000, 0x00000000e5300000, 0x00000000e5400000|  0%| F|  |TAMS 0x00000000e5300000, 0x00000000e5300000| Untracked 
|  84|0x00000000e5400000, 0x00000000e5400000, 0x00000000e5500000|  0%| F|  |TAMS 0x00000000e5400000, 0x00000000e5400000| Untracked 
|  85|0x00000000e5500000, 0x00000000e5500000, 0x00000000e5600000|  0%| F|  |TAMS 0x00000000e5500000, 0x00000000e5500000| Untracked 
|  86|0x00000000e5600000, 0x00000000e5600000, 0x00000000e5700000|  0%| F|  |TAMS 0x00000000e5600000, 0x00000000e5600000| Untracked 
|  87|0x00000000e5700000, 0x00000000e5700000, 0x00000000e5800000|  0%| F|  |TAMS 0x00000000e5700000, 0x00000000e5700000| Untracked 
|  88|0x00000000e5800000, 0x00000000e5800000, 0x00000000e5900000|  0%| F|  |TAMS 0x00000000e5800000, 0x00000000e5800000| Untracked 
|  89|0x00000000e5900000, 0x00000000e5900000, 0x00000000e5a00000|  0%| F|  |TAMS 0x00000000e5900000, 0x00000000e5900000| Untracked 
|  90|0x00000000e5a00000, 0x00000000e5a00000, 0x00000000e5b00000|  0%| F|  |TAMS 0x00000000e5a00000, 0x00000000e5a00000| Untracked 
|  91|0x00000000e5b00000, 0x00000000e5b00000, 0x00000000e5c00000|  0%| F|  |TAMS 0x00000000e5b00000, 0x00000000e5b00000| Untracked 
|  92|0x00000000e5c00000, 0x00000000e5c00000, 0x00000000e5d00000|  0%| F|  |TAMS 0x00000000e5c00000, 0x00000000e5c00000| Untracked 
|  93|0x00000000e5d00000, 0x00000000e5d00000, 0x00000000e5e00000|  0%| F|  |TAMS 0x00000000e5d00000, 0x00000000e5d00000| Untracked 
|  94|0x00000000e5e00000, 0x00000000e5e00000, 0x00000000e5f00000|  0%| F|  |TAMS 0x00000000e5e00000, 0x00000000e5e00000| Untracked 
|  95|0x00000000e5f00000, 0x00000000e5f00000, 0x00000000e6000000|  0%| F|  |TAMS 0x00000000e5f00000, 0x00000000e5f00000| Untracked 
|  96|0x00000000e6000000, 0x00000000e6000000, 0x00000000e6100000|  0%| F|  |TAMS 0x00000000e6000000, 0x00000000e6000000| Untracked 
|  97|0x00000000e6100000, 0x00000000e6100000, 0x00000000e6200000|  0%| F|  |TAMS 0x00000000e6100000, 0x00000000e6100000| Untracked 
|  98|0x00000000e6200000, 0x00000000e6200000, 0x00000000e6300000|  0%| F|  |TAMS 0x00000000e6200000, 0x00000000e6200000| Untracked 
|  99|0x00000000e6300000, 0x00000000e6300000, 0x00000000e6400000|  0%| F|  |TAMS 0x00000000e6300000, 0x00000000e6300000| Untracked 
| 100|0x00000000e6400000, 0x00000000e6400000, 0x00000000e6500000|  0%| F|  |TAMS 0x00000000e6400000, 0x00000000e6400000| Untracked 
| 101|0x00000000e6500000, 0x00000000e6500000, 0x00000000e6600000|  0%| F|  |TAMS 0x00000000e6500000, 0x00000000e6500000| Untracked 
| 102|0x00000000e6600000, 0x00000000e6600000, 0x00000000e6700000|  0%| F|  |TAMS 0x00000000e6600000, 0x00000000e6600000| Untracked 
| 103|0x00000000e6700000, 0x00000000e6700000, 0x00000000e6800000|  0%| F|  |TAMS 0x00000000e6700000, 0x00000000e6700000| Untracked 
| 104|0x00000000e6800000, 0x00000000e6800000, 0x00000000e6900000|  0%| F|  |TAMS 0x00000000e6800000, 0x00000000e6800000| Untracked 
| 105|0x00000000e6900000, 0x00000000e6900000, 0x00000000e6a00000|  0%| F|  |TAMS 0x00000000e6900000, 0x00000000e6900000| Untracked 
| 106|0x00000000e6a00000, 0x00000000e6a00000, 0x00000000e6b00000|  0%| F|  |TAMS 0x00000000e6a00000, 0x00000000e6a00000| Untracked 
| 107|0x00000000e6b00000, 0x00000000e6b00000, 0x00000000e6c00000|  0%| F|  |TAMS 0x00000000e6b00000, 0x00000000e6b00000| Untracked 
| 108|0x00000000e6c00000, 0x00000000e6c00000, 0x00000000e6d00000|  0%| F|  |TAMS 0x00000000e6c00000, 0x00000000e6c00000| Untracked 
| 109|0x00000000e6d00000, 0x00000000e6d00000, 0x00000000e6e00000|  0%| F|  |TAMS 0x00000000e6d00000, 0x00000000e6d00000| Untracked 
| 110|0x00000000e6e00000, 0x00000000e6e80800, 0x00000000e6f00000| 50%| E|  |TAMS 0x00000000e6e00000, 0x00000000e6e00000| Complete 
| 111|0x00000000e6f00000, 0x00000000e7000000, 0x00000000e7000000|100%| E|CS|TAMS 0x00000000e6f00000, 0x00000000e6f00000| Complete 
| 112|0x00000000e7000000, 0x00000000e7100000, 0x00000000e7100000|100%| E|CS|TAMS 0x00000000e7000000, 0x00000000e7000000| Complete 
| 113|0x00000000e7100000, 0x00000000e7200000, 0x00000000e7200000|100%| E|CS|TAMS 0x00000000e7100000, 0x00000000e7100000| Complete 
| 114|0x00000000e7200000, 0x00000000e7300000, 0x00000000e7300000|100%| E|CS|TAMS 0x00000000e7200000, 0x00000000e7200000| Complete 
| 115|0x00000000e7300000, 0x00000000e7400000, 0x00000000e7400000|100%| E|CS|TAMS 0x00000000e7300000, 0x00000000e7300000| Complete 
| 116|0x00000000e7400000, 0x00000000e7500000, 0x00000000e7500000|100%| E|CS|TAMS 0x00000000e7400000, 0x00000000e7400000| Complete 
| 117|0x00000000e7500000, 0x00000000e7600000, 0x00000000e7600000|100%| E|CS|TAMS 0x00000000e7500000, 0x00000000e7500000| Complete 
| 118|0x00000000e7600000, 0x00000000e7700000, 0x00000000e7700000|100%| E|CS|TAMS 0x00000000e7600000, 0x00000000e7600000| Complete 
| 119|0x00000000e7700000, 0x00000000e7800000, 0x00000000e7800000|100%| E|CS|TAMS 0x00000000e7700000, 0x00000000e7700000| Complete 
| 120|0x00000000e7800000, 0x00000000e7900000, 0x00000000e7900000|100%| E|CS|TAMS 0x00000000e7800000, 0x00000000e7800000| Complete 
| 121|0x00000000e7900000, 0x00000000e7a00000, 0x00000000e7a00000|100%| E|CS|TAMS 0x00000000e7900000, 0x00000000e7900000| Complete 
| 122|0x00000000e7a00000, 0x00000000e7b00000, 0x00000000e7b00000|100%| E|CS|TAMS 0x00000000e7a00000, 0x00000000e7a00000| Complete 
| 123|0x00000000e7b00000, 0x00000000e7c00000, 0x00000000e7c00000|100%| E|CS|TAMS 0x00000000e7b00000, 0x00000000e7b00000| Complete 
| 124|0x00000000e7c00000, 0x00000000e7d00000, 0x00000000e7d00000|100%| E|CS|TAMS 0x00000000e7c00000, 0x00000000e7c00000| Complete 
| 125|0x00000000e7d00000, 0x00000000e7e00000, 0x00000000e7e00000|100%| E|CS|TAMS 0x00000000e7d00000, 0x00000000e7d00000| Complete 
| 126|0x00000000e7e00000, 0x00000000e7f00000, 0x00000000e7f00000|100%| E|CS|TAMS 0x00000000e7e00000, 0x00000000e7e00000| Complete 
| 127|0x00000000e7f00000, 0x00000000e8000000, 0x00000000e8000000|100%| E|CS|TAMS 0x00000000e7f00000, 0x00000000e7f00000| Complete 
| 128|0x00000000e8000000, 0x00000000e8100000, 0x00000000e8100000|100%| E|CS|TAMS 0x00000000e8000000, 0x00000000e8000000| Complete 
| 129|0x00000000e8100000, 0x00000000e8200000, 0x00000000e8200000|100%| E|CS|TAMS 0x00000000e8100000, 0x00000000e8100000| Complete 
| 130|0x00000000e8200000, 0x00000000e8300000, 0x00000000e8300000|100%| E|CS|TAMS 0x00000000e8200000, 0x00000000e8200000| Complete 
| 131|0x00000000e8300000, 0x00000000e8400000, 0x00000000e8400000|100%| E|CS|TAMS 0x00000000e8300000, 0x00000000e8300000| Complete 
| 132|0x00000000e8400000, 0x00000000e8500000, 0x00000000e8500000|100%| E|CS|TAMS 0x00000000e8400000, 0x00000000e8400000| Complete 
| 133|0x00000000e8500000, 0x00000000e8600000, 0x00000000e8600000|100%| E|CS|TAMS 0x00000000e8500000, 0x00000000e8500000| Complete 
| 134|0x00000000e8600000, 0x00000000e8700000, 0x00000000e8700000|100%| E|CS|TAMS 0x00000000e8600000, 0x00000000e8600000| Complete 
| 135|0x00000000e8700000, 0x00000000e8800000, 0x00000000e8800000|100%| E|CS|TAMS 0x00000000e8700000, 0x00000000e8700000| Complete 
| 136|0x00000000e8800000, 0x00000000e8900000, 0x00000000e8900000|100%| E|CS|TAMS 0x00000000e8800000, 0x00000000e8800000| Complete 
| 137|0x00000000e8900000, 0x00000000e8a00000, 0x00000000e8a00000|100%| E|CS|TAMS 0x00000000e8900000, 0x00000000e8900000| Complete 
| 138|0x00000000e8a00000, 0x00000000e8b00000, 0x00000000e8b00000|100%| E|CS|TAMS 0x00000000e8a00000, 0x00000000e8a00000| Complete 
| 139|0x00000000e8b00000, 0x00000000e8c00000, 0x00000000e8c00000|100%| E|CS|TAMS 0x00000000e8b00000, 0x00000000e8b00000| Complete 
| 140|0x00000000e8c00000, 0x00000000e8d00000, 0x00000000e8d00000|100%| E|CS|TAMS 0x00000000e8c00000, 0x00000000e8c00000| Complete 
| 141|0x00000000e8d00000, 0x00000000e8e00000, 0x00000000e8e00000|100%| E|CS|TAMS 0x00000000e8d00000, 0x00000000e8d00000| Complete 
| 142|0x00000000e8e00000, 0x00000000e8f00000, 0x00000000e8f00000|100%| E|CS|TAMS 0x00000000e8e00000, 0x00000000e8e00000| Complete 
| 143|0x00000000e8f00000, 0x00000000e9000000, 0x00000000e9000000|100%| E|CS|TAMS 0x00000000e8f00000, 0x00000000e8f00000| Complete 
| 144|0x00000000e9000000, 0x00000000e9100000, 0x00000000e9100000|100%| E|CS|TAMS 0x00000000e9000000, 0x00000000e9000000| Complete 
| 145|0x00000000e9100000, 0x00000000e9200000, 0x00000000e9200000|100%| E|CS|TAMS 0x00000000e9100000, 0x00000000e9100000| Complete 
| 146|0x00000000e9200000, 0x00000000e9300000, 0x00000000e9300000|100%| E|CS|TAMS 0x00000000e9200000, 0x00000000e9200000| Complete 
| 147|0x00000000e9300000, 0x00000000e9400000, 0x00000000e9400000|100%| E|CS|TAMS 0x00000000e9300000, 0x00000000e9300000| Complete 
| 148|0x00000000e9400000, 0x00000000e9500000, 0x00000000e9500000|100%| E|CS|TAMS 0x00000000e9400000, 0x00000000e9400000| Complete 
| 149|0x00000000e9500000, 0x00000000e9600000, 0x00000000e9600000|100%| E|CS|TAMS 0x00000000e9500000, 0x00000000e9500000| Complete 
| 150|0x00000000e9600000, 0x00000000e9700000, 0x00000000e9700000|100%| E|CS|TAMS 0x00000000e9600000, 0x00000000e9600000| Complete 
| 151|0x00000000e9700000, 0x00000000e9800000, 0x00000000e9800000|100%| E|CS|TAMS 0x00000000e9700000, 0x00000000e9700000| Complete 
| 152|0x00000000e9800000, 0x00000000e9900000, 0x00000000e9900000|100%| E|CS|TAMS 0x00000000e9800000, 0x00000000e9800000| Complete 
| 153|0x00000000e9900000, 0x00000000e9a00000, 0x00000000e9a00000|100%| E|CS|TAMS 0x00000000e9900000, 0x00000000e9900000| Complete 
| 154|0x00000000e9a00000, 0x00000000e9b00000, 0x00000000e9b00000|100%| E|CS|TAMS 0x00000000e9a00000, 0x00000000e9a00000| Complete 
| 155|0x00000000e9b00000, 0x00000000e9c00000, 0x00000000e9c00000|100%| E|CS|TAMS 0x00000000e9b00000, 0x00000000e9b00000| Complete 
| 156|0x00000000e9c00000, 0x00000000e9d00000, 0x00000000e9d00000|100%| E|CS|TAMS 0x00000000e9c00000, 0x00000000e9c00000| Complete 
| 157|0x00000000e9d00000, 0x00000000e9e00000, 0x00000000e9e00000|100%| E|CS|TAMS 0x00000000e9d00000, 0x00000000e9d00000| Complete 
| 158|0x00000000e9e00000, 0x00000000e9f00000, 0x00000000e9f00000|100%| E|CS|TAMS 0x00000000e9e00000, 0x00000000e9e00000| Complete 
| 159|0x00000000e9f00000, 0x00000000ea000000, 0x00000000ea000000|100%| E|CS|TAMS 0x00000000e9f00000, 0x00000000e9f00000| Complete 
| 160|0x00000000ea000000, 0x00000000ea100000, 0x00000000ea100000|100%| E|CS|TAMS 0x00000000ea000000, 0x00000000ea000000| Complete 
| 161|0x00000000ea100000, 0x00000000ea200000, 0x00000000ea200000|100%| E|CS|TAMS 0x00000000ea100000, 0x00000000ea100000| Complete 
| 162|0x00000000ea200000, 0x00000000ea300000, 0x00000000ea300000|100%| E|CS|TAMS 0x00000000ea200000, 0x00000000ea200000| Complete 
| 163|0x00000000ea300000, 0x00000000ea400000, 0x00000000ea400000|100%| E|CS|TAMS 0x00000000ea300000, 0x00000000ea300000| Complete 
| 164|0x00000000ea400000, 0x00000000ea500000, 0x00000000ea500000|100%| E|CS|TAMS 0x00000000ea400000, 0x00000000ea400000| Complete 
| 165|0x00000000ea500000, 0x00000000ea600000, 0x00000000ea600000|100%| E|CS|TAMS 0x00000000ea500000, 0x00000000ea500000| Complete 
| 166|0x00000000ea600000, 0x00000000ea700000, 0x00000000ea700000|100%| E|CS|TAMS 0x00000000ea600000, 0x00000000ea600000| Complete 
| 167|0x00000000ea700000, 0x00000000ea800000, 0x00000000ea800000|100%| E|CS|TAMS 0x00000000ea700000, 0x00000000ea700000| Complete 
| 168|0x00000000ea800000, 0x00000000ea900000, 0x00000000ea900000|100%| E|CS|TAMS 0x00000000ea800000, 0x00000000ea800000| Complete 
| 169|0x00000000ea900000, 0x00000000eaa00000, 0x00000000eaa00000|100%| E|CS|TAMS 0x00000000ea900000, 0x00000000ea900000| Complete 
| 170|0x00000000eaa00000, 0x00000000eab00000, 0x00000000eab00000|100%| E|CS|TAMS 0x00000000eaa00000, 0x00000000eaa00000| Complete 
| 171|0x00000000eab00000, 0x00000000eac00000, 0x00000000eac00000|100%| E|CS|TAMS 0x00000000eab00000, 0x00000000eab00000| Complete 
| 172|0x00000000eac00000, 0x00000000ead00000, 0x00000000ead00000|100%| E|CS|TAMS 0x00000000eac00000, 0x00000000eac00000| Complete 
| 173|0x00000000ead00000, 0x00000000eae00000, 0x00000000eae00000|100%| E|CS|TAMS 0x00000000ead00000, 0x00000000ead00000| Complete 
| 174|0x00000000eae00000, 0x00000000eaf00000, 0x00000000eaf00000|100%| E|CS|TAMS 0x00000000eae00000, 0x00000000eae00000| Complete 
| 175|0x00000000eaf00000, 0x00000000eb000000, 0x00000000eb000000|100%| E|CS|TAMS 0x00000000eaf00000, 0x00000000eaf00000| Complete 
| 176|0x00000000eb000000, 0x00000000eb100000, 0x00000000eb100000|100%| E|CS|TAMS 0x00000000eb000000, 0x00000000eb000000| Complete 
| 177|0x00000000eb100000, 0x00000000eb200000, 0x00000000eb200000|100%| E|CS|TAMS 0x00000000eb100000, 0x00000000eb100000| Complete 
| 178|0x00000000eb200000, 0x00000000eb300000, 0x00000000eb300000|100%| E|CS|TAMS 0x00000000eb200000, 0x00000000eb200000| Complete 
| 179|0x00000000eb300000, 0x00000000eb400000, 0x00000000eb400000|100%| E|CS|TAMS 0x00000000eb300000, 0x00000000eb300000| Complete 
| 180|0x00000000eb400000, 0x00000000eb500000, 0x00000000eb500000|100%| E|CS|TAMS 0x00000000eb400000, 0x00000000eb400000| Complete 
| 181|0x00000000eb500000, 0x00000000eb600000, 0x00000000eb600000|100%| E|CS|TAMS 0x00000000eb500000, 0x00000000eb500000| Complete 
| 182|0x00000000eb600000, 0x00000000eb700000, 0x00000000eb700000|100%| E|CS|TAMS 0x00000000eb600000, 0x00000000eb600000| Complete 
| 183|0x00000000eb700000, 0x00000000eb800000, 0x00000000eb800000|100%| E|CS|TAMS 0x00000000eb700000, 0x00000000eb700000| Complete 
| 184|0x00000000eb800000, 0x00000000eb900000, 0x00000000eb900000|100%| E|CS|TAMS 0x00000000eb800000, 0x00000000eb800000| Complete 
| 185|0x00000000eb900000, 0x00000000eba00000, 0x00000000eba00000|100%| E|CS|TAMS 0x00000000eb900000, 0x00000000eb900000| Complete 
| 186|0x00000000eba00000, 0x00000000ebb00000, 0x00000000ebb00000|100%| E|CS|TAMS 0x00000000eba00000, 0x00000000eba00000| Complete 
| 187|0x00000000ebb00000, 0x00000000ebc00000, 0x00000000ebc00000|100%| E|CS|TAMS 0x00000000ebb00000, 0x00000000ebb00000| Complete 
| 188|0x00000000ebc00000, 0x00000000ebd00000, 0x00000000ebd00000|100%| E|CS|TAMS 0x00000000ebc00000, 0x00000000ebc00000| Complete 
| 189|0x00000000ebd00000, 0x00000000ebe00000, 0x00000000ebe00000|100%| E|CS|TAMS 0x00000000ebd00000, 0x00000000ebd00000| Complete 
| 190|0x00000000ebe00000, 0x00000000ebf00000, 0x00000000ebf00000|100%| E|CS|TAMS 0x00000000ebe00000, 0x00000000ebe00000| Complete 
| 191|0x00000000ebf00000, 0x00000000ec000000, 0x00000000ec000000|100%| E|CS|TAMS 0x00000000ebf00000, 0x00000000ebf00000| Complete 
| 192|0x00000000ec000000, 0x00000000ec100000, 0x00000000ec100000|100%| E|CS|TAMS 0x00000000ec000000, 0x00000000ec000000| Complete 
| 193|0x00000000ec100000, 0x00000000ec200000, 0x00000000ec200000|100%| E|CS|TAMS 0x00000000ec100000, 0x00000000ec100000| Complete 
| 194|0x00000000ec200000, 0x00000000ec300000, 0x00000000ec300000|100%| E|CS|TAMS 0x00000000ec200000, 0x00000000ec200000| Complete 
| 195|0x00000000ec300000, 0x00000000ec400000, 0x00000000ec400000|100%| E|CS|TAMS 0x00000000ec300000, 0x00000000ec300000| Complete 
| 196|0x00000000ec400000, 0x00000000ec500000, 0x00000000ec500000|100%| E|CS|TAMS 0x00000000ec400000, 0x00000000ec400000| Complete 
| 197|0x00000000ec500000, 0x00000000ec600000, 0x00000000ec600000|100%| E|CS|TAMS 0x00000000ec500000, 0x00000000ec500000| Complete 
| 198|0x00000000ec600000, 0x00000000ec700000, 0x00000000ec700000|100%| E|CS|TAMS 0x00000000ec600000, 0x00000000ec600000| Complete 
| 199|0x00000000ec700000, 0x00000000ec800000, 0x00000000ec800000|100%| E|CS|TAMS 0x00000000ec700000, 0x00000000ec700000| Complete 
| 200|0x00000000ec800000, 0x00000000ec900000, 0x00000000ec900000|100%| E|CS|TAMS 0x00000000ec800000, 0x00000000ec800000| Complete 
| 201|0x00000000ec900000, 0x00000000eca00000, 0x00000000eca00000|100%| E|CS|TAMS 0x00000000ec900000, 0x00000000ec900000| Complete 
| 202|0x00000000eca00000, 0x00000000ecb00000, 0x00000000ecb00000|100%| E|CS|TAMS 0x00000000eca00000, 0x00000000eca00000| Complete 
| 203|0x00000000ecb00000, 0x00000000ecc00000, 0x00000000ecc00000|100%| E|CS|TAMS 0x00000000ecb00000, 0x00000000ecb00000| Complete 
| 204|0x00000000ecc00000, 0x00000000ecd00000, 0x00000000ecd00000|100%| E|CS|TAMS 0x00000000ecc00000, 0x00000000ecc00000| Complete 
| 205|0x00000000ecd00000, 0x00000000ece00000, 0x00000000ece00000|100%| E|CS|TAMS 0x00000000ecd00000, 0x00000000ecd00000| Complete 
| 206|0x00000000ece00000, 0x00000000ecf00000, 0x00000000ecf00000|100%| E|CS|TAMS 0x00000000ece00000, 0x00000000ece00000| Complete 
| 207|0x00000000ecf00000, 0x00000000ed000000, 0x00000000ed000000|100%| E|CS|TAMS 0x00000000ecf00000, 0x00000000ecf00000| Complete 
| 208|0x00000000ed000000, 0x00000000ed100000, 0x00000000ed100000|100%| E|CS|TAMS 0x00000000ed000000, 0x00000000ed000000| Complete 
| 209|0x00000000ed100000, 0x00000000ed200000, 0x00000000ed200000|100%| E|CS|TAMS 0x00000000ed100000, 0x00000000ed100000| Complete 
| 210|0x00000000ed200000, 0x00000000ed300000, 0x00000000ed300000|100%| E|CS|TAMS 0x00000000ed200000, 0x00000000ed200000| Complete 
| 211|0x00000000ed300000, 0x00000000ed400000, 0x00000000ed400000|100%| E|CS|TAMS 0x00000000ed300000, 0x00000000ed300000| Complete 
| 212|0x00000000ed400000, 0x00000000ed500000, 0x00000000ed500000|100%| E|CS|TAMS 0x00000000ed400000, 0x00000000ed400000| Complete 
| 213|0x00000000ed500000, 0x00000000ed600000, 0x00000000ed600000|100%| E|CS|TAMS 0x00000000ed500000, 0x00000000ed500000| Complete 
| 214|0x00000000ed600000, 0x00000000ed700000, 0x00000000ed700000|100%| E|CS|TAMS 0x00000000ed600000, 0x00000000ed600000| Complete 
| 215|0x00000000ed700000, 0x00000000ed800000, 0x00000000ed800000|100%| E|CS|TAMS 0x00000000ed700000, 0x00000000ed700000| Complete 
| 216|0x00000000ed800000, 0x00000000ed900000, 0x00000000ed900000|100%| E|CS|TAMS 0x00000000ed800000, 0x00000000ed800000| Complete 
| 217|0x00000000ed900000, 0x00000000eda00000, 0x00000000eda00000|100%| E|CS|TAMS 0x00000000ed900000, 0x00000000ed900000| Complete 
| 218|0x00000000eda00000, 0x00000000edb00000, 0x00000000edb00000|100%| E|CS|TAMS 0x00000000eda00000, 0x00000000eda00000| Complete 
| 219|0x00000000edb00000, 0x00000000edc00000, 0x00000000edc00000|100%| E|CS|TAMS 0x00000000edb00000, 0x00000000edb00000| Complete 
| 220|0x00000000edc00000, 0x00000000edd00000, 0x00000000edd00000|100%| E|CS|TAMS 0x00000000edc00000, 0x00000000edc00000| Complete 
| 221|0x00000000edd00000, 0x00000000ede00000, 0x00000000ede00000|100%| E|CS|TAMS 0x00000000edd00000, 0x00000000edd00000| Complete 
| 222|0x00000000ede00000, 0x00000000edf00000, 0x00000000edf00000|100%| E|CS|TAMS 0x00000000ede00000, 0x00000000ede00000| Complete 
| 223|0x00000000edf00000, 0x00000000ee000000, 0x00000000ee000000|100%| E|CS|TAMS 0x00000000edf00000, 0x00000000edf00000| Complete 
| 224|0x00000000ee000000, 0x00000000ee100000, 0x00000000ee100000|100%| E|CS|TAMS 0x00000000ee000000, 0x00000000ee000000| Complete 
| 225|0x00000000ee100000, 0x00000000ee200000, 0x00000000ee200000|100%| E|CS|TAMS 0x00000000ee100000, 0x00000000ee100000| Complete 
| 226|0x00000000ee200000, 0x00000000ee300000, 0x00000000ee300000|100%| E|CS|TAMS 0x00000000ee200000, 0x00000000ee200000| Complete 
| 227|0x00000000ee300000, 0x00000000ee400000, 0x00000000ee400000|100%| E|CS|TAMS 0x00000000ee300000, 0x00000000ee300000| Complete 
| 228|0x00000000ee400000, 0x00000000ee500000, 0x00000000ee500000|100%| E|CS|TAMS 0x00000000ee400000, 0x00000000ee400000| Complete 
| 229|0x00000000ee500000, 0x00000000ee600000, 0x00000000ee600000|100%| E|CS|TAMS 0x00000000ee500000, 0x00000000ee500000| Complete 
| 230|0x00000000ee600000, 0x00000000ee700000, 0x00000000ee700000|100%| E|CS|TAMS 0x00000000ee600000, 0x00000000ee600000| Complete 
| 231|0x00000000ee700000, 0x00000000ee800000, 0x00000000ee800000|100%| E|CS|TAMS 0x00000000ee700000, 0x00000000ee700000| Complete 
| 232|0x00000000ee800000, 0x00000000ee900000, 0x00000000ee900000|100%| E|CS|TAMS 0x00000000ee800000, 0x00000000ee800000| Complete 
| 233|0x00000000ee900000, 0x00000000eea00000, 0x00000000eea00000|100%| E|CS|TAMS 0x00000000ee900000, 0x00000000ee900000| Complete 
| 234|0x00000000eea00000, 0x00000000eeb00000, 0x00000000eeb00000|100%| E|CS|TAMS 0x00000000eea00000, 0x00000000eea00000| Complete 
| 235|0x00000000eeb00000, 0x00000000eec00000, 0x00000000eec00000|100%| E|CS|TAMS 0x00000000eeb00000, 0x00000000eeb00000| Complete 
| 236|0x00000000eec00000, 0x00000000eed00000, 0x00000000eed00000|100%| E|CS|TAMS 0x00000000eec00000, 0x00000000eec00000| Complete 
| 237|0x00000000eed00000, 0x00000000eee00000, 0x00000000eee00000|100%| E|CS|TAMS 0x00000000eed00000, 0x00000000eed00000| Complete 
| 238|0x00000000eee00000, 0x00000000eef00000, 0x00000000eef00000|100%| E|CS|TAMS 0x00000000eee00000, 0x00000000eee00000| Complete 
| 239|0x00000000eef00000, 0x00000000ef000000, 0x00000000ef000000|100%| E|CS|TAMS 0x00000000eef00000, 0x00000000eef00000| Complete 
| 240|0x00000000ef000000, 0x00000000ef100000, 0x00000000ef100000|100%| E|CS|TAMS 0x00000000ef000000, 0x00000000ef000000| Complete 
| 241|0x00000000ef100000, 0x00000000ef200000, 0x00000000ef200000|100%| E|CS|TAMS 0x00000000ef100000, 0x00000000ef100000| Complete 
| 242|0x00000000ef200000, 0x00000000ef300000, 0x00000000ef300000|100%| E|CS|TAMS 0x00000000ef200000, 0x00000000ef200000| Complete 
| 243|0x00000000ef300000, 0x00000000ef400000, 0x00000000ef400000|100%| E|CS|TAMS 0x00000000ef300000, 0x00000000ef300000| Complete 
| 244|0x00000000ef400000, 0x00000000ef500000, 0x00000000ef500000|100%| E|CS|TAMS 0x00000000ef400000, 0x00000000ef400000| Complete 
| 245|0x00000000ef500000, 0x00000000ef600000, 0x00000000ef600000|100%| E|CS|TAMS 0x00000000ef500000, 0x00000000ef500000| Complete 
| 246|0x00000000ef600000, 0x00000000ef700000, 0x00000000ef700000|100%| E|CS|TAMS 0x00000000ef600000, 0x00000000ef600000| Complete 
| 247|0x00000000ef700000, 0x00000000ef800000, 0x00000000ef800000|100%| E|CS|TAMS 0x00000000ef700000, 0x00000000ef700000| Complete 
| 248|0x00000000ef800000, 0x00000000ef900000, 0x00000000ef900000|100%| E|CS|TAMS 0x00000000ef800000, 0x00000000ef800000| Complete 
| 249|0x00000000ef900000, 0x00000000efa00000, 0x00000000efa00000|100%| E|  |TAMS 0x00000000ef900000, 0x00000000ef900000| Complete 
| 250|0x00000000efa00000, 0x00000000efb00000, 0x00000000efb00000|100%| E|CS|TAMS 0x00000000efa00000, 0x00000000efa00000| Complete 
| 251|0x00000000efb00000, 0x00000000efbb3ce0, 0x00000000efc00000| 70%| S|CS|TAMS 0x00000000efb00000, 0x00000000efb00000| Complete 
| 252|0x00000000efc00000, 0x00000000efd00000, 0x00000000efd00000|100%| E|CS|TAMS 0x00000000efc00000, 0x00000000efc00000| Complete 
| 253|0x00000000efd00000, 0x00000000efe00000, 0x00000000efe00000|100%| E|CS|TAMS 0x00000000efd00000, 0x00000000efd00000| Complete 
| 254|0x00000000efe00000, 0x00000000eff00000, 0x00000000eff00000|100%| E|CS|TAMS 0x00000000efe00000, 0x00000000efe00000| Complete 
| 255|0x00000000eff00000, 0x00000000f0000000, 0x00000000f0000000|100%| E|CS|TAMS 0x00000000eff00000, 0x00000000eff00000| Complete 

Card table byte_map: [0x000002b5fec40000,0x000002b5fed40000] _byte_map_base: 0x000002b5fe540000

Marking Bits (Prev, Next): (CMBitMap*) 0x000002b5fdd9c850, (CMBitMap*) 0x000002b5fdd9c890
 Prev Bits: [0x000002b5fee40000, 0x000002b5ff640000)
 Next Bits: [0x000002b5ff640000, 0x000002b5ffe40000)

Polling page: 0x000002b5fde30000

Metaspace:

Usage:
  Non-class:     41.84 MB used.
      Class:      6.78 MB used.
       Both:     48.62 MB used.

Virtual space:
  Non-class space:       48.00 MB reserved,      42.12 MB ( 88%) committed,  6 nodes.
      Class space:      208.00 MB reserved,       7.06 MB (  3%) committed,  1 nodes.
             Both:      256.00 MB reserved,      49.19 MB ( 19%) committed. 

Chunk freelists:
   Non-Class:  1.84 MB
       Class:  814.00 KB
        Both:  2.63 MB

MaxMetaspaceSize: 256.00 MB
CompressedClassSpaceSize: 208.00 MB
Initial GC threshold: 21.00 MB
Current GC threshold: 59.50 MB
CDS: on
MetaspaceReclaimPolicy: balanced
 - commit_granule_bytes: 65536.
 - commit_granule_words: 8192.
 - virtual_space_node_default_size: 1048576.
 - enlarge_chunks_in_place: 1.
 - new_chunks_are_fully_committed: 0.
 - uncommit_free_chunks: 1.
 - use_allocation_guard: 0.
 - handle_deallocations: 1.


Internal statistics:

num_allocs_failed_limit: 9.
num_arena_births: 538.
num_arena_deaths: 0.
num_vsnodes_births: 7.
num_vsnodes_deaths: 0.
num_space_committed: 787.
num_space_uncommitted: 0.
num_chunks_returned_to_freelist: 9.
num_chunks_taken_from_freelist: 2501.
num_chunk_merges: 9.
num_chunk_splits: 1649.
num_chunks_enlarged: 1076.
num_purges: 0.
num_inconsistent_stats: 0.

CodeHeap 'non-profiled nmethods': size=120000Kb used=2892Kb max_used=3194Kb free=117107Kb
 bounds [0x000002b58f1f0000, 0x000002b58f530000, 0x000002b596720000]
CodeHeap 'profiled nmethods': size=120000Kb used=10151Kb max_used=10463Kb free=109848Kb
 bounds [0x000002b587cc0000, 0x000002b588750000, 0x000002b58f1f0000]
CodeHeap 'non-nmethods': size=5760Kb used=2399Kb max_used=2486Kb free=3360Kb
 bounds [0x000002b587720000, 0x000002b5879b0000, 0x000002b587cc0000]
 total_blobs=5651 nmethods=4801 adapters=762
 compilation: enabled
              stopped_count=0, restarted_count=0
 full_count=0

Compilation events (20 events):
Event: 6.610 Thread 0x000002b599294440 nmethod 5525 0x000002b58f4d2b10 code [0x000002b58f4d2c80, 0x000002b58f4d2db8]
Event: 6.610 Thread 0x000002b599294440 5527       4       org.objectweb.asm.Frame::getLocal (46 bytes)
Event: 6.610 Thread 0x000002b599294440 nmethod 5527 0x000002b58f267590 code [0x000002b58f267700, 0x000002b58f2677d8]
Event: 6.610 Thread 0x000002b599294440 5528       4       org.objectweb.asm.SymbolTable::addConstantMethodref (24 bytes)
Event: 6.610 Thread 0x000002b599294440 nmethod 5528 0x000002b58f2ddc10 code [0x000002b58f2ddda0, 0x000002b58f2dde88]
Event: 6.610 Thread 0x000002b599294440 5515       4       org.objectweb.asm.MethodWriter::visitLabel (328 bytes)
Event: 6.617 Thread 0x000002b5a0621c50 nmethod 5323 0x000002b58f50eb10 code [0x000002b58f50f3e0, 0x000002b58f51be18]
Event: 6.619 Thread 0x000002b5a0621c50 5534       4       org.objectweb.asm.MethodWriter::computeAllFrames (510 bytes)
Event: 6.623 Thread 0x000002b599294440 nmethod 5515 0x000002b58f240890 code [0x000002b58f240a40, 0x000002b58f2416d8]
Event: 6.623 Thread 0x000002b599294440 5536       4       jdk.internal.reflect.ClassFileAssembler::emitConstantPoolUTF8 (50 bytes)
Event: 6.628 Thread 0x000002b599c208e0 5537       1       sun.reflect.generics.tree.ClassSignature::getSuperInterfaces (5 bytes)
Event: 6.629 Thread 0x000002b599c208e0 nmethod 5537 0x000002b58f240310 code [0x000002b58f2404a0, 0x000002b58f240578]
Event: 6.635 Thread 0x000002b599294440 nmethod 5536 0x000002b58f236a10 code [0x000002b58f236c20, 0x000002b58f237690]
Event: 6.635 Thread 0x000002b599294440 5538       4       java.util.HashMap$EntryIterator::next (5 bytes)
Event: 6.639 Thread 0x000002b599294440 nmethod 5538 0x000002b58f2dd490 code [0x000002b58f2dd620, 0x000002b58f2dda38]
Event: 6.639 Thread 0x000002b599294440 5535       4       java.util.LinkedHashMap$LinkedValues::iterator (12 bytes)
Event: 6.641 Thread 0x000002b599294440 nmethod 5535 0x000002b58f2dd010 code [0x000002b58f2dd1a0, 0x000002b58f2dd378]
Event: 6.641 Thread 0x000002b599294440 5512       4       java.util.TreeMap::get (19 bytes)
Event: 6.641 Thread 0x000002b599294440 nmethod 5512 0x000002b58f2dcd10 code [0x000002b58f2dcea0, 0x000002b58f2dcf48]
Event: 6.648 Thread 0x000002b599c208e0 5539       3       org.gradle.tooling.internal.provider.runner.ClientBuildEventGenerator::finished (128 bytes)

GC Heap History (12 events):
Event: 0.584 GC heap before
{Heap before GC invocations=0 (full 0):
 garbage-first heap   total 262144K, used 28672K [0x00000000e0000000, 0x0000000100000000)
  region size 1024K, 23 young (23552K), 0 survivors (0K)
 Metaspace       used 2986K, committed 3136K, reserved 221184K
  class space    used 380K, committed 448K, reserved 212992K
}
Event: 0.589 GC heap after
{Heap after GC invocations=1 (full 0):
 garbage-first heap   total 262144K, used 9183K [0x00000000e0000000, 0x0000000100000000)
  region size 1024K, 3 young (3072K), 3 survivors (3072K)
 Metaspace       used 2986K, committed 3136K, reserved 221184K
  class space    used 380K, committed 448K, reserved 212992K
}
Event: 0.891 GC heap before
{Heap before GC invocations=1 (full 0):
 garbage-first heap   total 262144K, used 38879K [0x00000000e0000000, 0x0000000100000000)
  region size 1024K, 31 young (31744K), 3 survivors (3072K)
 Metaspace       used 3892K, committed 4032K, reserved 221184K
  class space    used 475K, committed 576K, reserved 212992K
}
Event: 0.894 GC heap after
{Heap after GC invocations=2 (full 0):
 garbage-first heap   total 262144K, used 11547K [0x00000000e0000000, 0x0000000100000000)
  region size 1024K, 2 young (2048K), 2 survivors (2048K)
 Metaspace       used 3892K, committed 4032K, reserved 221184K
  class space    used 475K, committed 576K, reserved 212992K
}
Event: 2.911 GC heap before
{Heap before GC invocations=2 (full 0):
 garbage-first heap   total 262144K, used 121115K [0x00000000e0000000, 0x0000000100000000)
  region size 1024K, 111 young (113664K), 2 survivors (2048K)
 Metaspace       used 21315K, committed 21504K, reserved 237568K
  class space    used 3171K, committed 3264K, reserved 212992K
}
Event: 2.917 GC heap after
{Heap after GC invocations=3 (full 0):
 garbage-first heap   total 262144K, used 20645K [0x00000000e0000000, 0x0000000100000000)
  region size 1024K, 12 young (12288K), 12 survivors (12288K)
 Metaspace       used 21315K, committed 21504K, reserved 237568K
  class space    used 3171K, committed 3264K, reserved 212992K
}
Event: 4.503 GC heap before
{Heap before GC invocations=4 (full 0):
 garbage-first heap   total 262144K, used 129189K [0x00000000e0000000, 0x0000000100000000)
  region size 1024K, 117 young (119808K), 12 survivors (12288K)
 Metaspace       used 35719K, committed 36096K, reserved 245760K
  class space    used 4986K, committed 5184K, reserved 212992K
}
Event: 4.513 GC heap after
{Heap after GC invocations=5 (full 0):
 garbage-first heap   total 262144K, used 30287K [0x00000000e0000000, 0x0000000100000000)
  region size 1024K, 20 young (20480K), 20 survivors (20480K)
 Metaspace       used 35719K, committed 36096K, reserved 245760K
  class space    used 4986K, committed 5184K, reserved 212992K
}
Event: 4.525 GC heap before
{Heap before GC invocations=5 (full 0):
 garbage-first heap   total 262144K, used 31311K [0x00000000e0000000, 0x0000000100000000)
  region size 1024K, 21 young (21504K), 20 survivors (20480K)
 Metaspace       used 35884K, committed 36224K, reserved 245760K
  class space    used 5019K, committed 5184K, reserved 212992K
}
Event: 4.534 GC heap after
{Heap after GC invocations=6 (full 0):
 garbage-first heap   total 262144K, used 31825K [0x00000000e0000000, 0x0000000100000000)
  region size 1024K, 3 young (3072K), 3 survivors (3072K)
 Metaspace       used 35884K, committed 36224K, reserved 245760K
  class space    used 5019K, committed 5184K, reserved 212992K
}
Event: 4.548 GC heap before
{Heap before GC invocations=6 (full 0):
 garbage-first heap   total 262144K, used 31825K [0x00000000e0000000, 0x0000000100000000)
  region size 1024K, 4 young (4096K), 3 survivors (3072K)
 Metaspace       used 36037K, committed 36416K, reserved 245760K
  class space    used 5042K, committed 5248K, reserved 212992K
}
Event: 4.548 GC heap after
{Heap after GC invocations=7 (full 0):
 garbage-first heap   total 262144K, used 29924K [0x00000000e0000000, 0x0000000100000000)
  region size 1024K, 1 young (1024K), 1 survivors (1024K)
 Metaspace       used 36037K, committed 36416K, reserved 245760K
  class space    used 5042K, committed 5248K, reserved 212992K
}

Deoptimization events (20 events):
Event: 6.647 Thread 0x000002b59bd27710 DEOPT PACKING pc=0x000002b58f4a8914 sp=0x000000f490ff75a0
Event: 6.647 Thread 0x000002b59bd27710 DEOPT UNPACKING pc=0x000002b587772b43 sp=0x000000f490ff6a68 mode 1
Event: 6.647 Thread 0x000002b59bd27710 DEOPT PACKING pc=0x000002b5886f4aa9 sp=0x000000f490ff7540
Event: 6.647 Thread 0x000002b59bd27710 DEOPT UNPACKING pc=0x000002b587772b43 sp=0x000000f490ff69f8 mode 1
Event: 6.647 Thread 0x000002b59bd27710 DEOPT PACKING pc=0x000002b5886d2fec sp=0x000000f490ff7660
Event: 6.647 Thread 0x000002b59bd27710 DEOPT UNPACKING pc=0x000002b587772b43 sp=0x000000f490ff6b08 mode 1
Event: 6.647 Thread 0x000002b59bd27710 DEOPT PACKING pc=0x000002b58f4a8914 sp=0x000000f490ff76d0
Event: 6.647 Thread 0x000002b59bd27710 DEOPT UNPACKING pc=0x000002b587772b43 sp=0x000000f490ff6b98 mode 1
Event: 6.648 Thread 0x000002b59bd27710 DEOPT PACKING pc=0x000002b5886d9a4c sp=0x000000f490ff6c20
Event: 6.648 Thread 0x000002b59bd27710 DEOPT UNPACKING pc=0x000002b587772b43 sp=0x000000f490ff6058 mode 1
Event: 6.648 Thread 0x000002b59bd27710 DEOPT PACKING pc=0x000002b58f4a8914 sp=0x000000f490ff6cf0
Event: 6.648 Thread 0x000002b59bd27710 DEOPT UNPACKING pc=0x000002b587772b43 sp=0x000000f490ff61b8 mode 1
Event: 6.648 Thread 0x000002b59bd27710 DEOPT PACKING pc=0x000002b5886f4aa9 sp=0x000000f490ff6c90
Event: 6.648 Thread 0x000002b59bd27710 DEOPT UNPACKING pc=0x000002b587772b43 sp=0x000000f490ff6148 mode 1
Event: 6.648 Thread 0x000002b59bd27710 DEOPT PACKING pc=0x000002b5886d2fec sp=0x000000f490ff6db0
Event: 6.648 Thread 0x000002b59bd27710 DEOPT UNPACKING pc=0x000002b587772b43 sp=0x000000f490ff6258 mode 1
Event: 6.648 Thread 0x000002b59bd27710 DEOPT PACKING pc=0x000002b58f4a8914 sp=0x000000f490ff6e20
Event: 6.648 Thread 0x000002b59bd27710 DEOPT UNPACKING pc=0x000002b587772b43 sp=0x000000f490ff62e8 mode 1
Event: 6.648 Thread 0x000002b59bd27710 DEOPT PACKING pc=0x000002b5886d9a4c sp=0x000000f490ff78a0
Event: 6.648 Thread 0x000002b59bd27710 DEOPT UNPACKING pc=0x000002b587772b43 sp=0x000000f490ff6cd8 mode 1

Classes unloaded (0 events):
No events

Classes redefined (0 events):
No events

Internal exceptions (20 events):
Event: 6.478 Thread 0x000002b59bd27710 Exception <a 'java/lang/ClassNotFoundException'{0x00000000e83294e0}: org/gradle/api/tasks/testing/AbstractTestTaskBeanInfo> (0x00000000e83294e0) 
thrown [t:\workspace\open\src\hotspot\share\classfile\systemDictionary.cpp, line 256]
Event: 6.479 Thread 0x000002b59bd27710 Exception <a 'java/lang/ClassNotFoundException'{0x00000000e833c600}: org/gradle/api/internal/ConventionTaskBeanInfo> (0x00000000e833c600) 
thrown [t:\workspace\open\src\hotspot\share\classfile\systemDictionary.cpp, line 256]
Event: 6.480 Thread 0x000002b59bd27710 Exception <a 'java/lang/ClassNotFoundException'{0x00000000e834f798}: org/gradle/api/internal/ConventionTaskCustomizer> (0x00000000e834f798) 
thrown [t:\workspace\open\src\hotspot\share\classfile\systemDictionary.cpp, line 256]
Event: 6.481 Thread 0x000002b59bd27710 Exception <a 'java/lang/ClassNotFoundException'{0x00000000e83752f8}: org/gradle/api/tasks/testing/AbstractTestTaskCustomizer> (0x00000000e83752f8) 
thrown [t:\workspace\open\src\hotspot\share\classfile\systemDictionary.cpp, line 256]
Event: 6.483 Thread 0x000002b59bd27710 Exception <a 'java/lang/ClassNotFoundException'{0x00000000e83ad778}: org/gradle/api/tasks/testing/TestCustomizer> (0x00000000e83ad778) 
thrown [t:\workspace\open\src\hotspot\share\classfile\systemDictionary.cpp, line 256]
Event: 6.487 Thread 0x000002b59bd27710 Exception <a 'java/lang/ClassNotFoundException'{0x00000000e8243f60}: org/gradle/api/tasks/testing/Test_DecoratedCustomizer> (0x00000000e8243f60) 
thrown [t:\workspace\open\src\hotspot\share\classfile\systemDictionary.cpp, line 256]
Event: 6.503 Thread 0x000002b59bd27710 Exception <a 'java/lang/ClassNotFoundException'{0x00000000e7ed0bb8}: org/gradle/api/internal/artifacts/dsl/DefaultRepositoryHandler_DecoratedBeanInfo> (0x00000000e7ed0bb8) 
thrown [t:\workspace\open\src\hotspot\share\classfile\systemDictionary.cpp, line 256]
Event: 6.504 Thread 0x000002b59bd27710 Exception <a 'java/lang/ClassNotFoundException'{0x00000000e7ee6a40}: org/gradle/api/internal/artifacts/dsl/DefaultRepositoryHandlerBeanInfo> (0x00000000e7ee6a40) 
thrown [t:\workspace\open\src\hotspot\share\classfile\systemDictionary.cpp, line 256]
Event: 6.505 Thread 0x000002b59bd27710 Exception <a 'java/lang/ClassNotFoundException'{0x00000000e7efca68}: org/gradle/api/internal/artifacts/DefaultArtifactRepositoryContainerBeanInfo> (0x00000000e7efca68) 
thrown [t:\workspace\open\src\hotspot\share\classfile\systemDictionary.cpp, line 256]
Event: 6.506 Thread 0x000002b59bd27710 Exception <a 'java/lang/ClassNotFoundException'{0x00000000e7d10318}: org/gradle/api/internal/DefaultNamedDomainObjectListBeanInfo> (0x00000000e7d10318) 
thrown [t:\workspace\open\src\hotspot\share\classfile\systemDictionary.cpp, line 256]
Event: 6.507 Thread 0x000002b59bd27710 Exception <a 'java/lang/ClassNotFoundException'{0x00000000e7d236a8}: org/gradle/api/internal/DefaultNamedDomainObjectListCustomizer> (0x00000000e7d236a8) 
thrown [t:\workspace\open\src\hotspot\share\classfile\systemDictionary.cpp, line 256]
Event: 6.509 Thread 0x000002b59bd27710 Exception <a 'java/lang/ClassNotFoundException'{0x00000000e7d53f50}: org/gradle/api/internal/artifacts/DefaultArtifactRepositoryContainerCustomizer> (0x00000000e7d53f50) 
thrown [t:\workspace\open\src\hotspot\share\classfile\systemDictionary.cpp, line 256]
Event: 6.510 Thread 0x000002b59bd27710 Exception <a 'java/lang/ClassNotFoundException'{0x00000000e7d7c818}: org/gradle/api/internal/artifacts/dsl/DefaultRepositoryHandlerCustomizer> (0x00000000e7d7c818) 
thrown [t:\workspace\open\src\hotspot\share\classfile\systemDictionary.cpp, line 256]
Event: 6.513 Thread 0x000002b59bd27710 Exception <a 'java/lang/ClassNotFoundException'{0x00000000e7db2b68}: org/gradle/api/internal/artifacts/dsl/DefaultRepositoryHandler_DecoratedCustomizer> (0x00000000e7db2b68) 
thrown [t:\workspace\open\src\hotspot\share\classfile\systemDictionary.cpp, line 256]
Event: 6.529 Thread 0x000002b59bd27710 Exception <a 'java/lang/ClassNotFoundException'{0x00000000e79846b0}: org/gradle/api/internal/tasks/DefaultTaskContainer_DecoratedBeanInfo> (0x00000000e79846b0) 
thrown [t:\workspace\open\src\hotspot\share\classfile\systemDictionary.cpp, line 256]
Event: 6.530 Thread 0x000002b59bd27710 Exception <a 'java/lang/ClassNotFoundException'{0x00000000e7995988}: org/gradle/api/internal/tasks/DefaultTaskContainerBeanInfo> (0x00000000e7995988) 
thrown [t:\workspace\open\src\hotspot\share\classfile\systemDictionary.cpp, line 256]
Event: 6.530 Thread 0x000002b59bd27710 Exception <a 'java/lang/ClassNotFoundException'{0x00000000e79a6c88}: org/gradle/api/internal/tasks/DefaultTaskCollectionBeanInfo> (0x00000000e79a6c88) 
thrown [t:\workspace\open\src\hotspot\share\classfile\systemDictionary.cpp, line 256]
Event: 6.531 Thread 0x000002b59bd27710 Exception <a 'java/lang/ClassNotFoundException'{0x00000000e79b8200}: org/gradle/api/internal/tasks/DefaultTaskCollectionCustomizer> (0x00000000e79b8200) 
thrown [t:\workspace\open\src\hotspot\share\classfile\systemDictionary.cpp, line 256]
Event: 6.533 Thread 0x000002b59bd27710 Exception <a 'java/lang/ClassNotFoundException'{0x00000000e79f62e8}: org/gradle/api/internal/tasks/DefaultTaskContainerCustomizer> (0x00000000e79f62e8) 
thrown [t:\workspace\open\src\hotspot\share\classfile\systemDictionary.cpp, line 256]
Event: 6.535 Thread 0x000002b59bd27710 Exception <a 'java/lang/ClassNotFoundException'{0x00000000e78588b8}: org/gradle/api/internal/tasks/DefaultTaskContainer_DecoratedCustomizer> (0x00000000e78588b8) 
thrown [t:\workspace\open\src\hotspot\share\classfile\systemDictionary.cpp, line 256]

VM Operations (20 events):
Event: 5.093 Executing VM operation: HandshakeAllThreads
Event: 5.093 Executing VM operation: HandshakeAllThreads done
Event: 5.123 Executing VM operation: ICBufferFull
Event: 5.123 Executing VM operation: ICBufferFull done
Event: 5.363 Executing VM operation: HandshakeAllThreads
Event: 5.363 Executing VM operation: HandshakeAllThreads done
Event: 5.460 Executing VM operation: HandshakeAllThreads
Event: 5.460 Executing VM operation: HandshakeAllThreads done
Event: 5.479 Executing VM operation: HandshakeAllThreads
Event: 5.479 Executing VM operation: HandshakeAllThreads done
Event: 5.780 Executing VM operation: ICBufferFull
Event: 5.780 Executing VM operation: ICBufferFull done
Event: 6.047 Executing VM operation: HandshakeAllThreads
Event: 6.047 Executing VM operation: HandshakeAllThreads done
Event: 6.057 Executing VM operation: HandshakeAllThreads
Event: 6.057 Executing VM operation: HandshakeAllThreads done
Event: 6.222 Executing VM operation: ICBufferFull
Event: 6.222 Executing VM operation: ICBufferFull done
Event: 6.630 Executing VM operation: ICBufferFull
Event: 6.630 Executing VM operation: ICBufferFull done

Events (20 events):
Event: 6.439 loading class sun/reflect/generics/reflectiveObjects/GenericArrayTypeImpl
Event: 6.439 loading class sun/reflect/generics/reflectiveObjects/GenericArrayTypeImpl done
Event: 6.595 loading class java/util/concurrent/ConcurrentSkipListMap$KeySet
Event: 6.595 loading class java/util/concurrent/ConcurrentSkipListMap$KeySet done
Event: 6.595 loading class java/util/concurrent/ConcurrentSkipListMap$KeyIterator
Event: 6.595 loading class java/util/concurrent/ConcurrentSkipListMap$KeyIterator done
Event: 6.595 loading class java/net/InetAddress$NameServiceAddresses
Event: 6.595 loading class java/net/InetAddress$Addresses
Event: 6.595 loading class java/net/InetAddress$Addresses done
Event: 6.595 loading class java/net/InetAddress$NameServiceAddresses done
Event: 6.599 loading class sun/net/InetAddressCachePolicy
Event: 6.599 loading class sun/net/InetAddressCachePolicy done
Event: 6.600 loading class sun/net/InetAddressCachePolicy$1
Event: 6.600 loading class sun/net/InetAddressCachePolicy$1 done
Event: 6.600 loading class sun/net/InetAddressCachePolicy$2
Event: 6.600 loading class sun/net/InetAddressCachePolicy$2 done
Event: 6.600 loading class java/net/InetAddress$CachedAddresses
Event: 6.600 loading class java/net/InetAddress$CachedAddresses done
Event: 6.600 loading class java/net/InetAddress$CachedLocalHost
Event: 6.600 loading class java/net/InetAddress$CachedLocalHost done


Dynamic libraries:
0x00007ff78a900000 - 0x00007ff78a90e000 	C:\Users\nan\.jdks\openjdk-17.0.1\bin\java.exe
0x00007ffa27910000 - 0x00007ffa27b08000 	C:\Windows\SYSTEM32\ntdll.dll
0x00007ffa268d0000 - 0x00007ffa26992000 	C:\Windows\System32\KERNEL32.DLL
0x00007ffa25000000 - 0x00007ffa252fe000 	C:\Windows\System32\KERNELBASE.dll
0x00007ffa25710000 - 0x00007ffa25810000 	C:\Windows\System32\ucrtbase.dll
0x00007ffa1af90000 - 0x00007ffa1afa8000 	C:\Users\nan\.jdks\openjdk-17.0.1\bin\jli.dll
0x00007ffa26370000 - 0x00007ffa2650d000 	C:\Windows\System32\USER32.dll
0x00007ffa18350000 - 0x00007ffa1836a000 	C:\Users\nan\.jdks\openjdk-17.0.1\bin\VCRUNTIME140.dll
0x00007ffa25550000 - 0x00007ffa25572000 	C:\Windows\System32\win32u.dll
0x00007ffa266c0000 - 0x00007ffa266eb000 	C:\Windows\System32\GDI32.dll
0x00007ffa25810000 - 0x00007ffa25927000 	C:\Windows\System32\gdi32full.dll
0x00007ffa254b0000 - 0x00007ffa2554d000 	C:\Windows\System32\msvcp_win.dll
0x00007ffa12e70000 - 0x00007ffa1310a000 	C:\Windows\WinSxS\amd64_microsoft.windows.common-controls_6595b64144ccf1df_6.0.19041.4355_none_60b8b9eb71f62e16\COMCTL32.dll
0x00007ffa27030000 - 0x00007ffa270ce000 	C:\Windows\System32\msvcrt.dll
0x00007ffa26e70000 - 0x00007ffa26e9f000 	C:\Windows\System32\IMM32.DLL
0x0000000062e20000 - 0x0000000062e2c000 	D:\Program Files (x86)\360\Total Security\safemon\SafeWrapper.dll
0x00007ffa25e10000 - 0x00007ffa25ec2000 	C:\Windows\System32\ADVAPI32.dll
0x00007ffa26f90000 - 0x00007ffa27030000 	C:\Windows\System32\sechost.dll
0x00007ffa266f0000 - 0x00007ffa26813000 	C:\Windows\System32\RPCRT4.dll
0x00007ffa256e0000 - 0x00007ffa25707000 	C:\Windows\System32\bcrypt.dll
0x00007ffa13950000 - 0x00007ffa139fc000 	D:\Program Files (x86)\360\Total Security\safemon\libzdtp64.dll
0x00007ffa27160000 - 0x00007ffa278cf000 	C:\Windows\System32\SHELL32.dll
0x00007ffa269a0000 - 0x00007ffa269f5000 	C:\Windows\System32\SHLWAPI.dll
0x00007ffa24b30000 - 0x00007ffa24b3a000 	C:\Windows\SYSTEM32\VERSION.dll
0x00007ffa1b820000 - 0x00007ffa1b82c000 	C:\Users\nan\.jdks\openjdk-17.0.1\bin\vcruntime140_1.dll
0x00007ffa138c0000 - 0x00007ffa1394d000 	C:\Users\nan\.jdks\openjdk-17.0.1\bin\msvcp140.dll
0x00007ff9fb4e0000 - 0x00007ff9fc09e000 	C:\Users\nan\.jdks\openjdk-17.0.1\bin\server\jvm.dll
0x00007ffa25a10000 - 0x00007ffa25a18000 	C:\Windows\System32\PSAPI.DLL
0x00007ffa1a560000 - 0x00007ffa1a587000 	C:\Windows\SYSTEM32\WINMM.dll
0x00007ffa20c00000 - 0x00007ffa20c09000 	C:\Windows\SYSTEM32\WSOCK32.dll
0x00007ffa26f20000 - 0x00007ffa26f8b000 	C:\Windows\System32\WS2_32.dll
0x00007ffa22ca0000 - 0x00007ffa22cb2000 	C:\Windows\SYSTEM32\kernel.appcore.dll
0x00007ffa187b0000 - 0x00007ffa187ba000 	C:\Users\nan\.jdks\openjdk-17.0.1\bin\jimage.dll
0x00007ffa15000000 - 0x00007ffa151e4000 	C:\Windows\SYSTEM32\DBGHELP.DLL
0x00007ffa14ab0000 - 0x00007ffa14ae4000 	C:\Windows\SYSTEM32\dbgcore.DLL
0x00007ffa25420000 - 0x00007ffa254a2000 	C:\Windows\System32\bcryptPrimitives.dll
0x00007ffa20a60000 - 0x00007ffa20a9b000 	C:\Users\nan\.jdks\openjdk-17.0.1\bin\jdwp.dll
0x00007ffa13a00000 - 0x00007ffa13a25000 	C:\Users\nan\.jdks\openjdk-17.0.1\bin\java.dll
0x00007ffa137e0000 - 0x00007ffa138b6000 	C:\Users\nan\.jdks\openjdk-17.0.1\bin\svml.dll
0x00007ffa22f80000 - 0x00007ffa23724000 	C:\Windows\SYSTEM32\windows.storage.dll
0x00007ffa25ed0000 - 0x00007ffa26223000 	C:\Windows\System32\combase.dll
0x00007ffa24900000 - 0x00007ffa2492e000 	C:\Windows\SYSTEM32\Wldp.dll
0x00007ffa262a0000 - 0x00007ffa2636d000 	C:\Windows\System32\OLEAUT32.dll
0x00007ffa26820000 - 0x00007ffa268cd000 	C:\Windows\System32\SHCORE.dll
0x00007ffa24ee0000 - 0x00007ffa24f04000 	C:\Windows\SYSTEM32\profapi.dll
0x00007ffa20a50000 - 0x00007ffa20a5c000 	C:\Users\nan\.jdks\openjdk-17.0.1\bin\dt_socket.dll
0x00007ffa24340000 - 0x00007ffa2437b000 	C:\Windows\SYSTEM32\IPHLPAPI.DLL
0x00007ffa24660000 - 0x00007ffa246ca000 	C:\Windows\system32\mswsock.dll
0x00007ffa137c0000 - 0x00007ffa137d9000 	C:\Users\nan\.jdks\openjdk-17.0.1\bin\net.dll
0x00007ffa1ce00000 - 0x00007ffa1cf0d000 	C:\Windows\SYSTEM32\WINHTTP.dll
0x00007ffa137a0000 - 0x00007ffa137b5000 	C:\Users\nan\.jdks\openjdk-17.0.1\bin\nio.dll
0x00007ffa13780000 - 0x00007ffa13798000 	C:\Users\nan\.jdks\openjdk-17.0.1\bin\zip.dll
0x00007ffa13770000 - 0x00007ffa13780000 	C:\Users\nan\.jdks\openjdk-17.0.1\bin\verify.dll
0x00007ffa13a30000 - 0x00007ffa13a57000 	C:\Users\nan\.gradle\native\e1d6ef7f7dcc3fd88c89a11ec53ec762bb8ba0a96d01ffa2cd45eb1d1d8dd5c5\windows-amd64\native-platform.dll
0x00007ffa13620000 - 0x00007ffa13764000 	C:\Users\nan\.gradle\native\0d407fdbe67a94daf76414ababcb853783967236a71b16ec16e742cd7a986fd3\windows-amd64\native-platform-file-events.dll
0x00007ffa13610000 - 0x00007ffa13619000 	C:\Users\nan\.jdks\openjdk-17.0.1\bin\management.dll
0x00007ffa13600000 - 0x00007ffa1360b000 	C:\Users\nan\.jdks\openjdk-17.0.1\bin\management_ext.dll
0x00007ffa24860000 - 0x00007ffa24878000 	C:\Windows\SYSTEM32\CRYPTSP.dll
0x00007ffa23ef0000 - 0x00007ffa23f24000 	C:\Windows\system32\rsaenh.dll
0x00007ffa24e60000 - 0x00007ffa24e8e000 	C:\Windows\SYSTEM32\USERENV.dll
0x00007ffa24850000 - 0x00007ffa2485c000 	C:\Windows\SYSTEM32\CRYPTBASE.dll
0x00007ffa266b0000 - 0x00007ffa266b8000 	C:\Windows\System32\NSI.dll
0x00007ffa1e480000 - 0x00007ffa1e497000 	C:\Windows\SYSTEM32\dhcpcsvc6.DLL
0x00007ffa1e550000 - 0x00007ffa1e56d000 	C:\Windows\SYSTEM32\dhcpcsvc.DLL
0x00007ffa24380000 - 0x00007ffa2444a000 	C:\Windows\SYSTEM32\DNSAPI.dll
0x00007ffa135f0000 - 0x00007ffa135fe000 	C:\Users\nan\.jdks\openjdk-17.0.1\bin\sunmscapi.dll
0x00007ffa25580000 - 0x00007ffa256dc000 	C:\Windows\System32\CRYPT32.dll
0x00007ffa24990000 - 0x00007ffa249b7000 	C:\Windows\SYSTEM32\ncrypt.dll
0x00007ffa24930000 - 0x00007ffa2496b000 	C:\Windows\SYSTEM32\NTASN1.dll
0x00007ff9cd190000 - 0x00007ff9cd197000 	C:\Windows\system32\wshunix.dll
0x00007ffa1e760000 - 0x00007ffa1e777000 	C:\Windows\system32\napinsp.dll
0x00007ffa1e740000 - 0x00007ffa1e75b000 	C:\Windows\system32\pnrpnsp.dll
0x00007ffa21910000 - 0x00007ffa21925000 	C:\Windows\system32\wshbth.dll
0x00007ffa20930000 - 0x00007ffa2094d000 	C:\Windows\system32\NLAapi.dll
0x00007ffa1e720000 - 0x00007ffa1e732000 	C:\Windows\System32\winrnr.dll
0x00007ffa1bd00000 - 0x00007ffa1bd0a000 	C:\Windows\System32\rasadhlp.dll
0x00007ffa1ca80000 - 0x00007ffa1cb00000 	C:\Windows\System32\fwpuclnt.dll

dbghelp: loaded successfully - version: 4.0.5 - missing functions: none
symbol engine: initialized successfully - sym options: 0x614 - pdb path: .;C:\Users\nan\.jdks\openjdk-17.0.1\bin;C:\Windows\SYSTEM32;C:\Windows\WinSxS\amd64_microsoft.windows.common-controls_6595b64144ccf1df_6.0.19041.4355_none_60b8b9eb71f62e16;D:\Program Files (x86)\360\Total Security\safemon;C:\Users\nan\.jdks\openjdk-17.0.1\bin\server;C:\Users\nan\.gradle\native\e1d6ef7f7dcc3fd88c89a11ec53ec762bb8ba0a96d01ffa2cd45eb1d1d8dd5c5\windows-amd64;C:\Users\nan\.gradle\native\0d407fdbe67a94daf76414ababcb853783967236a71b16ec16e742cd7a986fd3\windows-amd64

VM Arguments:
jvm_args: -XX:MaxMetaspaceSize=256m -XX:+HeapDumpOnOutOfMemoryError -agentlib:jdwp=transport=dt_socket,server=n,suspend=y,address=127.0.0.1:51159 --add-opens=java.base/java.util=ALL-UNNAMED --add-opens=java.base/java.lang=ALL-UNNAMED --add-opens=java.base/java.lang.invoke=ALL-UNNAMED --add-opens=java.base/java.util=ALL-UNNAMED --add-opens=java.prefs/java.util.prefs=ALL-UNNAMED --add-opens=java.prefs/java.util.prefs=ALL-UNNAMED --add-opens=java.base/java.nio.charset=ALL-UNNAMED --add-opens=java.base/java.net=ALL-UNNAMED --add-opens=java.base/java.util.concurrent.atomic=ALL-UNNAMED -Xms256m -Xmx512m -Dfile.encoding=windows-1251 -Duser.country=RU -Duser.language=ru -Duser.variant 
java_command: org.gradle.launcher.daemon.bootstrap.GradleDaemon 7.5.1
java_class_path (initial): C:\Users\nan\.gradle\wrapper\dists\gradle-7.5.1-bin\7jzzequgds1hbszbhq3npc5ng\gradle-7.5.1\lib\gradle-launcher-7.5.1.jar
Launcher Type: SUN_STANDARD

[Global flags]
     intx CICompilerCount                          = 4                                         {product} {ergonomic}
   size_t CompressedClassSpaceSize                 = 218103808                                 {product} {ergonomic}
     uint ConcGCThreads                            = 3                                         {product} {ergonomic}
     uint G1ConcRefinementThreads                  = 10                                        {product} {ergonomic}
   size_t G1HeapRegionSize                         = 1048576                                   {product} {ergonomic}
    uintx GCDrainStackTargetSize                   = 64                                        {product} {ergonomic}
     bool HeapDumpOnOutOfMemoryError               = true                                   {manageable} {command line}
   size_t InitialHeapSize                          = 268435456                                 {product} {command line}
   size_t MarkStackSize                            = 4194304                                   {product} {ergonomic}
   size_t MaxHeapSize                              = 536870912                                 {product} {command line}
   size_t MaxMetaspaceSize                         = 268435456                                 {product} {command line}
   size_t MaxNewSize                               = 321912832                                 {product} {ergonomic}
   size_t MinHeapDeltaBytes                        = 1048576                                   {product} {ergonomic}
   size_t MinHeapSize                              = 268435456                                 {product} {command line}
    uintx NonNMethodCodeHeapSize                   = 5839372                                {pd product} {ergonomic}
    uintx NonProfiledCodeHeapSize                  = 122909434                              {pd product} {ergonomic}
    uintx ProfiledCodeHeapSize                     = 122909434                              {pd product} {ergonomic}
    uintx ReservedCodeCacheSize                    = 251658240                              {pd product} {ergonomic}
     bool SegmentedCodeCache                       = true                                      {product} {ergonomic}
   size_t SoftMaxHeapSize                          = 536870912                              {manageable} {ergonomic}
     bool UseCompressedClassPointers               = true                           {product lp64_product} {ergonomic}
     bool UseCompressedOops                        = true                           {product lp64_product} {ergonomic}
     bool UseG1GC                                  = true                                      {product} {ergonomic}
     bool UseLargePagesIndividualAllocation        = false                                  {pd product} {ergonomic}

Logging:
Log output configuration:
 #0: stdout all=warning uptime,level,tags
 #1: stderr all=off uptime,level,tags

Environment Variables:
JAVA_HOME=C:\Program Files\Java\jdk-17.0.1
PATH=C:\Program Files\Common Files\Oracle\Java\javapath;C:\Windows\system32;C:\Windows;C:\Windows\System32\Wbem;C:\Windows\System32\WindowsPowerShell\v1.0\;C:\Windows\System32\OpenSSH\;C:\Program Files\Git\cmd;C:\Program Files\Java\jdk-17.0.1\bin;C:\Users\nan\AppData\Local\Microsoft\WindowsApps;;C:\Program Files\JetBrains\IntelliJ IDEA Community Edition 2021.3\bin;
USERNAME=nan
OS=Windows_NT
PROCESSOR_IDENTIFIER=AMD64 Family 23 Model 96 Stepping 1, AuthenticAMD



---------------  S Y S T E M  ---------------

OS:
 Windows 10 , 64 bit Build 19041 (10.0.19041.4957)
OS uptime: 0 days 0:40 hours
Hyper-V role detected

CPU: total 12 (initial active 12) (12 cores per cpu, 2 threads per core) family 23 model 96 stepping 1 microcode 0x0, cx8, cmov, fxsr, ht, mmx, 3dnowpref, sse, sse2, sse3, ssse3, sse4a, sse4.1, sse4.2, popcnt, lzcnt, tsc, tscinvbit, avx, avx2, aes, clmul, bmi1, bmi2, adx, sha, fma, vzeroupper, clflush, clflushopt, hv

Memory: 4k page, system-wide physical 15741M (496M free)
TotalPageFile size 59430M (AvailPageFile size 76M)
current process WorkingSet (physical memory assigned to process): 383M, peak: 384M
current process commit charge ("private bytes"): 502M, peak: 511M

vm_info: OpenJDK 64-Bit Server VM (17.0.1+12-39) for windows-amd64 JRE (17.0.1+12-39), built on Sep 27 2021 18:39:29 by "mach5one" with MS VC++ 16.8 (VS2019)

END.
