#
# There is insufficient memory for the Java Runtime Environment to continue.
# Native memory allocation (mmap) failed to map 257949696 bytes for G1 virtual space
# Possible reasons:
#   The system is out of physical RAM or swap space
#   The process is running with CompressedOops enabled, and the Java Heap may be blocking the growth of the native heap
# Possible solutions:
#   Reduce memory load on the system
#   Increase physical memory or swap space
#   Check if swap backing store is full
#   Decrease Java heap size (-Xmx/-Xms)
#   Decrease number of Java threads
#   Decrease Java thread stack sizes (-Xss)
#   Set larger code cache with -XX:ReservedCodeCacheSize=
#   JVM is running with Unscaled Compressed Oops mode in which the Java heap is
#     placed in the first 4GB address space. The Java Heap base address is the
#     maximum limit for the native heap growth. Please use -XX:HeapBaseMinAddress
#     to set the Java Heap base and to place the Java Heap above 4GB virtual address.
# This output file may be truncated or incomplete.
#
#  Out of Memory Error (os_windows.cpp:3469), pid=3940, tid=9836
#
# JRE version:  (17.0.1+12) (build )
# Java VM: OpenJDK 64-Bit Server VM (17.0.1+12-39, mixed mode, sharing, tiered, compressed oops, compressed class ptrs, g1 gc, windows-amd64)
# No core dump will be written. Minidumps are not enabled by default on client versions of Windows
#

---------------  S U M M A R Y ------------

Command Line: -Dorg.gradle.internal.worker.tmpdir=C:\Users\nan\IdeaProjects\bankTransfer\build\tmp\test\work -Dorg.gradle.native=false -agentlib:jdwp=transport=dt_socket,server=n,suspend=y,address=127.0.0.1:51152 -javaagent:build/tmp/expandedArchives/org.jacoco.agent-0.8.7.jar_3a83c50b4a016f281c4e9f3500d16b55/jacocoagent.jar=destfile=build/jacoco/test.exec,append=true,inclnolocationclasses=false,dumponexit=true,output=file,jmx=false -Xmx512m -Dfile.encoding=windows-1251 -Duser.country=RU -Duser.language=ru -Duser.variant -ea worker.org.gradle.process.internal.worker.GradleWorkerMain 'Gradle Test Executor 1'

Host: AMD Ryzen 5 4600H with Radeon Graphics         , 12 cores, 15G,  Windows 10 , 64 bit Build 19041 (10.0.19041.4957)
Time: Thu Nov 14 22:42:00 2024 RTZ 2 (s 10 , 64 bit Build 19041 (10.0.19041.4957) elapsed time: 0.025699 seconds (0d 0h 0m 0s)

---------------  T H R E A D  ---------------

Current thread (0x0000017ee8a880f0):  JavaThread "Unknown thread" [_thread_in_vm, id=9836, stack(0x000000458a000000,0x000000458a100000)]

Stack: [0x000000458a000000,0x000000458a100000]
Native frames: (J=compiled Java code, j=interpreted, Vv=VM code, C=native code)
V  [jvm.dll+0x66fa1a]
V  [jvm.dll+0x7ce5a4]
V  [jvm.dll+0x7cfd4e]
V  [jvm.dll+0x7d03b3]
V  [jvm.dll+0x242b05]
V  [jvm.dll+0x66ca39]
V  [jvm.dll+0x661502]
V  [jvm.dll+0x30081b]
V  [jvm.dll+0x307da6]
V  [jvm.dll+0x357a1e]
V  [jvm.dll+0x357c4f]
V  [jvm.dll+0x2d7ad8]
V  [jvm.dll+0x2d8a44]
V  [jvm.dll+0x7a01e1]
V  [jvm.dll+0x365791]
V  [jvm.dll+0x77f6cc]
V  [jvm.dll+0x3e812f]
V  [jvm.dll+0x3e9bd1]
C  [jli.dll+0x527b]
C  [ucrtbase.dll+0x21bb2]
C  [KERNEL32.DLL+0x17374]
C  [ntdll.dll+0x4cc91]


---------------  P R O C E S S  ---------------

Threads class SMR info:
_java_thread_list=0x00007ff9fbf77818, length=0, elements={
}

Java Threads: ( => current thread )

Other Threads:
  0x0000017ee8aae4f0 GCTaskThread "GC Thread#0" [stack: 0x000000458a100000,0x000000458a200000] [id=12988]
  0x0000017ee8ab4440 ConcurrentGCThread "G1 Main Marker" [stack: 0x000000458a200000,0x000000458a300000] [id=2756]
  0x0000017ee8ab5e00 ConcurrentGCThread "G1 Conc#0" [stack: 0x000000458a300000,0x000000458a400000] [id=404]

[error occurred during error reporting (printing all threads), id 0xc0000005, EXCEPTION_ACCESS_VIOLATION (0xc0000005) at pc=0x00007ff9fb7c84b7]

VM state: not at safepoint (not fully initialized)

VM Mutex/Monitor currently owned by a thread:  ([mutex/lock_event])
[0x0000017ee8a83910] Heap_lock - owner thread: 0x0000017ee8a880f0

Heap address: 0x00000000e0000000, size: 512 MB, Compressed Oops mode: 32-bit

CDS archive(s) mapped at: [0x0000000000000000-0x0000000000000000-0x0000000000000000), size 0, SharedBaseAddress: 0x0000000800000000, ArchiveRelocationMode: 0.
Narrow klass base: 0x0000000000000000, Narrow klass shift: 0, Narrow klass range: 0x0

GC Precious Log:
<Empty>

Heap:
 garbage-first heap   total 0K, used 0K [0x00000000e0000000, 0x0000000100000000)
  region size 1024K, 0 young (0K), 0 survivors (0K)

[error occurred during error reporting (printing heap information), id 0xc0000005, EXCEPTION_ACCESS_VIOLATION (0xc0000005) at pc=0x00007ff9fbba8d89]

GC Heap History (0 events):
No events

Deoptimization events (0 events):
No events

Classes unloaded (0 events):
No events

Classes redefined (0 events):
No events

Internal exceptions (0 events):
No events

VM Operations (0 events):
No events

Events (1 events):
Event: 0.016 Loaded shared library C:\Users\nan\.jdks\openjdk-17.0.1\bin\java.dll


Dynamic libraries:
0x00007ff78a900000 - 0x00007ff78a90e000 	C:\Users\nan\.jdks\openjdk-17.0.1\bin\java.exe
0x00007ffa27910000 - 0x00007ffa27b08000 	C:\Windows\SYSTEM32\ntdll.dll
0x00007ffa268d0000 - 0x00007ffa26992000 	C:\Windows\System32\KERNEL32.DLL
0x00007ffa25000000 - 0x00007ffa252fe000 	C:\Windows\System32\KERNELBASE.dll
0x00007ffa25710000 - 0x00007ffa25810000 	C:\Windows\System32\ucrtbase.dll
0x00007ffa1af90000 - 0x00007ffa1afa8000 	C:\Users\nan\.jdks\openjdk-17.0.1\bin\jli.dll
0x00007ffa18350000 - 0x00007ffa1836a000 	C:\Users\nan\.jdks\openjdk-17.0.1\bin\VCRUNTIME140.dll
0x00007ffa26370000 - 0x00007ffa2650d000 	C:\Windows\System32\USER32.dll
0x00007ffa25550000 - 0x00007ffa25572000 	C:\Windows\System32\win32u.dll
0x00007ffa266c0000 - 0x00007ffa266eb000 	C:\Windows\System32\GDI32.dll
0x00007ffa12e70000 - 0x00007ffa1310a000 	C:\Windows\WinSxS\amd64_microsoft.windows.common-controls_6595b64144ccf1df_6.0.19041.4355_none_60b8b9eb71f62e16\COMCTL32.dll
0x00007ffa25810000 - 0x00007ffa25927000 	C:\Windows\System32\gdi32full.dll
0x00007ffa254b0000 - 0x00007ffa2554d000 	C:\Windows\System32\msvcp_win.dll
0x00007ffa27030000 - 0x00007ffa270ce000 	C:\Windows\System32\msvcrt.dll
0x00007ffa26e70000 - 0x00007ffa26e9f000 	C:\Windows\System32\IMM32.DLL
0x0000000062e20000 - 0x0000000062e2c000 	D:\Program Files (x86)\360\Total Security\safemon\SafeWrapper.dll
0x00007ffa25e10000 - 0x00007ffa25ec2000 	C:\Windows\System32\ADVAPI32.dll
0x00007ffa26f90000 - 0x00007ffa27030000 	C:\Windows\System32\sechost.dll
0x00007ffa266f0000 - 0x00007ffa26813000 	C:\Windows\System32\RPCRT4.dll
0x00007ffa256e0000 - 0x00007ffa25707000 	C:\Windows\System32\bcrypt.dll
0x00007ffa13950000 - 0x00007ffa139fc000 	D:\Program Files (x86)\360\Total Security\safemon\libzdtp64.dll
0x00007ffa27160000 - 0x00007ffa278cf000 	C:\Windows\System32\SHELL32.dll
0x00007ffa269a0000 - 0x00007ffa269f5000 	C:\Windows\System32\SHLWAPI.dll
0x00007ffa24b30000 - 0x00007ffa24b3a000 	C:\Windows\SYSTEM32\VERSION.dll
0x00007ffa1b820000 - 0x00007ffa1b82c000 	C:\Users\nan\.jdks\openjdk-17.0.1\bin\vcruntime140_1.dll
0x00007ffa138c0000 - 0x00007ffa1394d000 	C:\Users\nan\.jdks\openjdk-17.0.1\bin\msvcp140.dll
0x00007ff9fb4e0000 - 0x00007ff9fc09e000 	C:\Users\nan\.jdks\openjdk-17.0.1\bin\server\jvm.dll
0x00007ffa25a10000 - 0x00007ffa25a18000 	C:\Windows\System32\PSAPI.DLL
0x00007ffa1a560000 - 0x00007ffa1a587000 	C:\Windows\SYSTEM32\WINMM.dll
0x00007ffa20c00000 - 0x00007ffa20c09000 	C:\Windows\SYSTEM32\WSOCK32.dll
0x00007ffa26f20000 - 0x00007ffa26f8b000 	C:\Windows\System32\WS2_32.dll
0x00007ffa22ca0000 - 0x00007ffa22cb2000 	C:\Windows\SYSTEM32\kernel.appcore.dll
0x00007ffa187b0000 - 0x00007ffa187ba000 	C:\Users\nan\.jdks\openjdk-17.0.1\bin\jimage.dll
0x00007ffa15000000 - 0x00007ffa151e4000 	C:\Windows\SYSTEM32\DBGHELP.DLL
0x00007ffa14ab0000 - 0x00007ffa14ae4000 	C:\Windows\SYSTEM32\dbgcore.DLL
0x00007ffa25420000 - 0x00007ffa254a2000 	C:\Windows\System32\bcryptPrimitives.dll
0x00007ffa20a60000 - 0x00007ffa20a9b000 	C:\Users\nan\.jdks\openjdk-17.0.1\bin\jdwp.dll
0x00007ffa1fea0000 - 0x00007ffa1feae000 	C:\Users\nan\.jdks\openjdk-17.0.1\bin\instrument.dll
0x00007ffa13a00000 - 0x00007ffa13a25000 	C:\Users\nan\.jdks\openjdk-17.0.1\bin\java.dll

dbghelp: loaded successfully - version: 4.0.5 - missing functions: none
symbol engine: initialized successfully - sym options: 0x614 - pdb path: .;C:\Users\nan\.jdks\openjdk-17.0.1\bin;C:\Windows\SYSTEM32;C:\Windows\WinSxS\amd64_microsoft.windows.common-controls_6595b64144ccf1df_6.0.19041.4355_none_60b8b9eb71f62e16;D:\Program Files (x86)\360\Total Security\safemon;C:\Users\nan\.jdks\openjdk-17.0.1\bin\server

VM Arguments:
jvm_args: -Dorg.gradle.internal.worker.tmpdir=C:\Users\nan\IdeaProjects\bankTransfer\build\tmp\test\work -Dorg.gradle.native=false -agentlib:jdwp=transport=dt_socket,server=n,suspend=y,address=127.0.0.1:51152 -javaagent:build/tmp/expandedArchives/org.jacoco.agent-0.8.7.jar_3a83c50b4a016f281c4e9f3500d16b55/jacocoagent.jar=destfile=build/jacoco/test.exec,append=true,inclnolocationclasses=false,dumponexit=true,output=file,jmx=false -Xmx512m -Dfile.encoding=windows-1251 -Duser.country=RU -Duser.language=ru -Duser.variant -ea 
java_command: worker.org.gradle.process.internal.worker.GradleWorkerMain 'Gradle Test Executor 1'
java_class_path (initial): C:\\Users\\nan\\.gradle\\caches\\7.5.1\\workerMain\\gradle-worker.jar;C:\\Users\\nan\\IdeaProjects\\bankTransfer\\build\\classes\\kotlin\\test;C:\\Users\\nan\\IdeaProjects\\bankTransfer\\build\\classes\\kotlin\\main;C:\\Users\\nan\\.gradle\\caches\\modules-2\\files-2.1\\org.jetbrains.kotlin\\kotlin-test-junit5\\1.8.10\\d4f30f551c4edcc9eb1ce87272b66dd9d0816052\\kotlin-test-junit5-1.8.10.jar;C:\\Users\\nan\\.gradle\\caches\\modules-2\\files-2.1\\org.jetbrains.kotlin\\kotlin-test\\1.8.10\\5fd889abbc164b0a080a7a3314627bd796315421\\kotlin-test-1.8.10.jar;C:\\Users\\nan\\.gradle\\caches\\modules-2\\files-2.1\\org.jetbrains.kotlin\\kotlin-stdlib\\1.8.10\\6d5560a229477df9406943d5feda5618e98eb64c\\kotlin-stdlib-1.8.10.jar;C:\\Users\\nan\\.gradle\\caches\\modules-2\\files-2.1\\org.junit.jupiter\\junit-jupiter-params\\5.8.1\\13afdb5d414cbe991fce3ef6b864de77c9644dae\\junit-jupiter-params-5.8.1.jar;C:\\Users\\nan\\.gradle\\caches\\modules-2\\files-2.1\\org.junit.jupiter\\junit-jupiter-engine\\5.8.1\\21b86e08aae2720bbf017703669948be96d1388c\\junit-jupiter-engine-5.8.1.jar;C:\\Users\\nan\\.gradle\\caches\\modules-2\\files-2.1\\org.junit.jupiter\\junit-jupiter-api\\5.8.1\\6538b88eb8bf8811bc7b6efb5246f835c15e0bfe\\junit-jupiter-api-5.8.1.jar;C:\\Users\\nan\\.gradle\\caches\\modules-2\\files-2.1\\org.junit.platform\\junit-platform-engine\\1.8.1\\e6c63bf990dc88a6527b4ed617b23e47048f07e0\\junit-platform-engine-1.8.1.jar;C:\\Users\\nan\\.gradle\\caches\\modules-2\\files-2.1\\org.junit.platform\\junit-platform-commons\\1.8.1\\1e362cbe6d0f225b066757865e233972557484\\junit-platform-commons-1.8.1.jar;C:\\Users\\nan\\.gradle\\caches\\modules-2\\files-2.1\\org.junit.jupiter\\junit-jupiter\\5.8.1\\73a218cf02d36d4e87bb9697fdbe0780e92b6bd3\\junit-jupiter-5.8.1.jar;C:\\Users\\nan\\.gradle\\caches\\modules-2\\files-2.1\\org.jetbrains.kotlin\\kotlin-stdlib-common\\1.8.10\\a61b182458550492c12aee66157d7b524a63a5ec\\kotlin-stdlib-common-1.8.10.jar;C:\\Users\\nan\\.gradle\\
Launcher Type: SUN_STANDARD

[Global flags]
     intx CICompilerCount                          = 4                                         {product} {ergonomic}
     uint ConcGCThreads                            = 3                                         {product} {ergonomic}
     uint G1ConcRefinementThreads                  = 10                                        {product} {ergonomic}
   size_t G1HeapRegionSize                         = 1048576                                   {product} {ergonomic}
    uintx GCDrainStackTargetSize                   = 64                                        {product} {ergonomic}
   size_t InitialHeapSize                          = 257949696                                 {product} {ergonomic}
   size_t MarkStackSize                            = 4194304                                   {product} {ergonomic}
   size_t MaxHeapSize                              = 536870912                                 {product} {command line}
   size_t MinHeapDeltaBytes                        = 1048576                                   {product} {ergonomic}
   size_t MinHeapSize                              = 8388608                                   {product} {ergonomic}
    uintx NonNMethodCodeHeapSize                   = 5839372                                {pd product} {ergonomic}
    uintx NonProfiledCodeHeapSize                  = 122909434                              {pd product} {ergonomic}
    uintx ProfiledCodeHeapSize                     = 122909434                              {pd product} {ergonomic}
    uintx ReservedCodeCacheSize                    = 251658240                              {pd product} {ergonomic}
     bool SegmentedCodeCache                       = true                                      {product} {ergonomic}
   size_t SoftMaxHeapSize                          = 536870912                              {manageable} {ergonomic}
     bool UseCompressedClassPointers               = true                           {product lp64_product} {ergonomic}
     bool UseCompressedOops                        = true                           {product lp64_product} {ergonomic}
     bool UseG1GC                                  = true                                      {product} {ergonomic}
     bool UseLargePagesIndividualAllocation        = false                                  {pd product} {ergonomic}

Logging:
Log output configuration:
 #0: stdout all=warning uptime,level,tags
 #1: stderr all=off uptime,level,tags

Environment Variables:
JAVA_HOME=C:\Program Files\Java\jdk-17.0.1
PATH=C:\Program Files\Common Files\Oracle\Java\javapath;C:\Windows\system32;C:\Windows;C:\Windows\System32\Wbem;C:\Windows\System32\WindowsPowerShell\v1.0\;C:\Windows\System32\OpenSSH\;C:\Program Files\Git\cmd;C:\Program Files\Java\jdk-17.0.1\bin;C:\Users\nan\AppData\Local\Microsoft\WindowsApps;;C:\Program Files\JetBrains\IntelliJ IDEA Community Edition 2021.3\bin;
USERNAME=nan
OS=Windows_NT
PROCESSOR_IDENTIFIER=AMD64 Family 23 Model 96 Stepping 1, AuthenticAMD



---------------  S Y S T E M  ---------------

OS:
 Windows 10 , 64 bit Build 19041 (10.0.19041.4957)
OS uptime: 0 days 0:39 hours
Hyper-V role detected

CPU: total 12 (initial active 12) (12 cores per cpu, 2 threads per core) family 23 model 96 stepping 1 microcode 0x0, cx8, cmov, fxsr, ht, mmx, 3dnowpref, sse, sse2, sse3, ssse3, sse4a, sse4.1, sse4.2, popcnt, lzcnt, tsc, tscinvbit, avx, avx2, aes, clmul, bmi1, bmi2, adx, sha, fma, vzeroupper, clflush, clflushopt, hv

Memory: 4k page, system-wide physical 15741M (423M free)
TotalPageFile size 59423M (AvailPageFile size 169M)
current process WorkingSet (physical memory assigned to process): 11M, peak: 11M
current process commit charge ("private bytes"): 64M, peak: 310M

vm_info: OpenJDK 64-Bit Server VM (17.0.1+12-39) for windows-amd64 JRE (17.0.1+12-39), built on Sep 27 2021 18:39:29 by "mach5one" with MS VC++ 16.8 (VS2019)

END.
